2023-04-07 15:58:41,939 [10] INFO  Microsoft.AspNetCore.Hosting.Diagnostics - Request starting HTTP/2.0 OPTIONS https://localhost:44376/v1/api/Data/GetAllData  
2023-04-07 15:58:41,941 [10] INFO  Microsoft.AspNetCore.Cors.Infrastructure.CorsService - CORS policy execution successful.
2023-04-07 15:58:41,941 [10] INFO  Microsoft.AspNetCore.Hosting.Diagnostics - Request finished in 2.5398ms 204 
2023-04-07 15:58:41,946 [10] INFO  Microsoft.AspNetCore.Hosting.Diagnostics - Request starting HTTP/2.0 POST https://localhost:44376/v1/api/Data/GetAllData application/json 80
2023-04-07 15:58:41,946 [10] INFO  Microsoft.AspNetCore.Cors.Infrastructure.CorsService - CORS policy execution successful.
2023-04-07 15:58:41,948 [10] INFO  Microsoft.AspNetCore.Authentication.JwtBearer.JwtBearerHandler - Failed to validate the token.
Microsoft.IdentityModel.Tokens.SecurityTokenExpiredException: IDX10223: Lifetime validation failed. The token is expired. ValidTo: 'System.DateTime', Current time: 'System.DateTime'.
   at Microsoft.IdentityModel.Tokens.Validators.ValidateLifetime(Nullable`1 notBefore, Nullable`1 expires, SecurityToken securityToken, TokenValidationParameters validationParameters)
   at System.IdentityModel.Tokens.Jwt.JwtSecurityTokenHandler.ValidateLifetime(Nullable`1 notBefore, Nullable`1 expires, JwtSecurityToken jwtToken, TokenValidationParameters validationParameters)
   at System.IdentityModel.Tokens.Jwt.JwtSecurityTokenHandler.ValidateTokenPayload(JwtSecurityToken jwtToken, TokenValidationParameters validationParameters)
   at System.IdentityModel.Tokens.Jwt.JwtSecurityTokenHandler.ValidateToken(String token, TokenValidationParameters validationParameters, SecurityToken& validatedToken)
   at Microsoft.AspNetCore.Authentication.JwtBearer.JwtBearerHandler.HandleAuthenticateAsync()
2023-04-07 15:58:41,949 [10] INFO  Microsoft.AspNetCore.Authentication.JwtBearer.JwtBearerHandler - Bearer was not authenticated. Failure message: IDX10223: Lifetime validation failed. The token is expired. ValidTo: 'System.DateTime', Current time: 'System.DateTime'.
2023-04-07 15:58:41,949 [10] INFO  Microsoft.AspNetCore.Mvc.Infrastructure.ControllerActionInvoker - Route matched with {action = "GetAllData", controller = "Data"}. Executing controller action with signature System.Threading.Tasks.Task`1[Microsoft.AspNetCore.Mvc.ActionResult] GetAllData(Utility.SearchModel) on controller Richborn.Controllers.DataController (Richborn).
2023-04-07 15:58:43,042 [11] INFO  Microsoft.AspNetCore.Mvc.Infrastructure.ObjectResultExecutor - Executing ObjectResult, writing value of type 'Utility.ResponseData`1[[System.String, System.Private.CoreLib, Version=4.0.0.0, Culture=neutral, PublicKeyToken=7cec85d7bea7798e]]'.
2023-04-07 15:58:43,042 [11] INFO  Microsoft.AspNetCore.Mvc.Infrastructure.ControllerActionInvoker - Executed action Richborn.Controllers.DataController.GetAllData (Richborn) in 1093.1787ms
2023-04-07 15:58:43,042 [11] INFO  Microsoft.AspNetCore.Hosting.Diagnostics - Request finished in 1096.7157ms 200 application/json; charset=utf-8
2023-04-07 15:58:51,410 [11] INFO  Microsoft.AspNetCore.Hosting.Diagnostics - Request starting HTTP/2.0 OPTIONS https://localhost:44376/v1/api/Data/GetAllData  
2023-04-07 15:58:51,410 [11] INFO  Microsoft.AspNetCore.Cors.Infrastructure.CorsService - CORS policy execution successful.
2023-04-07 15:58:51,410 [11] INFO  Microsoft.AspNetCore.Hosting.Diagnostics - Request finished in 0.8034ms 204 
2023-04-07 15:58:51,413 [18] INFO  Microsoft.AspNetCore.Hosting.Diagnostics - Request starting HTTP/2.0 OPTIONS https://localhost:44376/v1/api/Data/GetAllData  
2023-04-07 15:58:51,413 [11] INFO  Microsoft.AspNetCore.Hosting.Diagnostics - Request starting HTTP/2.0 OPTIONS https://localhost:44376/v1/api/Data/GetAllFilterData  
2023-04-07 15:58:51,413 [18] INFO  Microsoft.AspNetCore.Cors.Infrastructure.CorsService - CORS policy execution successful.
2023-04-07 15:58:51,413 [11] INFO  Microsoft.AspNetCore.Cors.Infrastructure.CorsService - CORS policy execution successful.
2023-04-07 15:58:51,413 [11] INFO  Microsoft.AspNetCore.Hosting.Diagnostics - Request finished in 0.469ms 204 
2023-04-07 15:58:51,413 [18] INFO  Microsoft.AspNetCore.Hosting.Diagnostics - Request finished in 0.4873ms 204 
2023-04-07 15:58:51,414 [11] INFO  Microsoft.AspNetCore.Hosting.Diagnostics - Request starting HTTP/2.0 OPTIONS https://localhost:44376/v1/api/Data/GetAllData  
2023-04-07 15:58:51,414 [11] INFO  Microsoft.AspNetCore.Cors.Infrastructure.CorsService - CORS policy execution successful.
2023-04-07 15:58:51,414 [11] INFO  Microsoft.AspNetCore.Hosting.Diagnostics - Request finished in 0.2794ms 204 
2023-04-07 15:58:51,414 [17] INFO  Microsoft.AspNetCore.Hosting.Diagnostics - Request starting HTTP/2.0 OPTIONS https://localhost:44376/v1/api/Data/GetAllData  
2023-04-07 15:58:51,414 [17] INFO  Microsoft.AspNetCore.Cors.Infrastructure.CorsService - CORS policy execution successful.
2023-04-07 15:58:51,415 [17] INFO  Microsoft.AspNetCore.Hosting.Diagnostics - Request finished in 0.3313ms 204 
2023-04-07 15:58:51,421 [11] INFO  Microsoft.AspNetCore.Hosting.Diagnostics - Request starting HTTP/2.0 POST https://localhost:44376/v1/api/Data/GetAllData application/json 98
2023-04-07 15:58:51,421 [11] INFO  Microsoft.AspNetCore.Cors.Infrastructure.CorsService - CORS policy execution successful.
2023-04-07 15:58:51,422 [11] INFO  Microsoft.AspNetCore.Authentication.JwtBearer.JwtBearerHandler - Failed to validate the token.
Microsoft.IdentityModel.Tokens.SecurityTokenExpiredException: IDX10223: Lifetime validation failed. The token is expired. ValidTo: 'System.DateTime', Current time: 'System.DateTime'.
   at Microsoft.IdentityModel.Tokens.Validators.ValidateLifetime(Nullable`1 notBefore, Nullable`1 expires, SecurityToken securityToken, TokenValidationParameters validationParameters)
   at System.IdentityModel.Tokens.Jwt.JwtSecurityTokenHandler.ValidateLifetime(Nullable`1 notBefore, Nullable`1 expires, JwtSecurityToken jwtToken, TokenValidationParameters validationParameters)
   at System.IdentityModel.Tokens.Jwt.JwtSecurityTokenHandler.ValidateTokenPayload(JwtSecurityToken jwtToken, TokenValidationParameters validationParameters)
   at System.IdentityModel.Tokens.Jwt.JwtSecurityTokenHandler.ValidateToken(String token, TokenValidationParameters validationParameters, SecurityToken& validatedToken)
   at Microsoft.AspNetCore.Authentication.JwtBearer.JwtBearerHandler.HandleAuthenticateAsync()
2023-04-07 15:58:51,423 [17] INFO  Microsoft.AspNetCore.Hosting.Diagnostics - Request starting HTTP/2.0 POST https://localhost:44376/v1/api/Data/GetAllData application/json 79
2023-04-07 15:58:51,423 [11] INFO  Microsoft.AspNetCore.Authentication.JwtBearer.JwtBearerHandler - Bearer was not authenticated. Failure message: IDX10223: Lifetime validation failed. The token is expired. ValidTo: 'System.DateTime', Current time: 'System.DateTime'.
2023-04-07 15:58:51,423 [11] INFO  Microsoft.AspNetCore.Mvc.Infrastructure.ControllerActionInvoker - Route matched with {action = "GetAllData", controller = "Data"}. Executing controller action with signature System.Threading.Tasks.Task`1[Microsoft.AspNetCore.Mvc.ActionResult] GetAllData(Utility.SearchModel) on controller Richborn.Controllers.DataController (Richborn).
2023-04-07 15:58:51,423 [17] INFO  Microsoft.AspNetCore.Cors.Infrastructure.CorsService - CORS policy execution successful.
2023-04-07 15:58:51,424 [17] INFO  Microsoft.AspNetCore.Authentication.JwtBearer.JwtBearerHandler - Failed to validate the token.
Microsoft.IdentityModel.Tokens.SecurityTokenExpiredException: IDX10223: Lifetime validation failed. The token is expired. ValidTo: 'System.DateTime', Current time: 'System.DateTime'.
   at Microsoft.IdentityModel.Tokens.Validators.ValidateLifetime(Nullable`1 notBefore, Nullable`1 expires, SecurityToken securityToken, TokenValidationParameters validationParameters)
   at System.IdentityModel.Tokens.Jwt.JwtSecurityTokenHandler.ValidateLifetime(Nullable`1 notBefore, Nullable`1 expires, JwtSecurityToken jwtToken, TokenValidationParameters validationParameters)
   at System.IdentityModel.Tokens.Jwt.JwtSecurityTokenHandler.ValidateTokenPayload(JwtSecurityToken jwtToken, TokenValidationParameters validationParameters)
   at System.IdentityModel.Tokens.Jwt.JwtSecurityTokenHandler.ValidateToken(String token, TokenValidationParameters validationParameters, SecurityToken& validatedToken)
   at Microsoft.AspNetCore.Authentication.JwtBearer.JwtBearerHandler.HandleAuthenticateAsync()
2023-04-07 15:58:51,424 [17] INFO  Microsoft.AspNetCore.Authentication.JwtBearer.JwtBearerHandler - Bearer was not authenticated. Failure message: IDX10223: Lifetime validation failed. The token is expired. ValidTo: 'System.DateTime', Current time: 'System.DateTime'.
2023-04-07 15:58:51,424 [17] INFO  Microsoft.AspNetCore.Mvc.Infrastructure.ControllerActionInvoker - Route matched with {action = "GetAllData", controller = "Data"}. Executing controller action with signature System.Threading.Tasks.Task`1[Microsoft.AspNetCore.Mvc.ActionResult] GetAllData(Utility.SearchModel) on controller Richborn.Controllers.DataController (Richborn).
2023-04-07 15:58:51,424 [11] INFO  Microsoft.AspNetCore.Hosting.Diagnostics - Request starting HTTP/2.0 POST https://localhost:44376/v1/api/Data/GetAllData application/json 89
2023-04-07 15:58:51,425 [11] INFO  Microsoft.AspNetCore.Cors.Infrastructure.CorsService - CORS policy execution successful.
2023-04-07 15:58:51,425 [11] INFO  Microsoft.AspNetCore.Authentication.JwtBearer.JwtBearerHandler - Failed to validate the token.
Microsoft.IdentityModel.Tokens.SecurityTokenExpiredException: IDX10223: Lifetime validation failed. The token is expired. ValidTo: 'System.DateTime', Current time: 'System.DateTime'.
   at Microsoft.IdentityModel.Tokens.Validators.ValidateLifetime(Nullable`1 notBefore, Nullable`1 expires, SecurityToken securityToken, TokenValidationParameters validationParameters)
   at System.IdentityModel.Tokens.Jwt.JwtSecurityTokenHandler.ValidateLifetime(Nullable`1 notBefore, Nullable`1 expires, JwtSecurityToken jwtToken, TokenValidationParameters validationParameters)
   at System.IdentityModel.Tokens.Jwt.JwtSecurityTokenHandler.ValidateTokenPayload(JwtSecurityToken jwtToken, TokenValidationParameters validationParameters)
   at System.IdentityModel.Tokens.Jwt.JwtSecurityTokenHandler.ValidateToken(String token, TokenValidationParameters validationParameters, SecurityToken& validatedToken)
   at Microsoft.AspNetCore.Authentication.JwtBearer.JwtBearerHandler.HandleAuthenticateAsync()
2023-04-07 15:58:51,425 [27] INFO  Microsoft.AspNetCore.Hosting.Diagnostics - Request starting HTTP/2.0 POST https://localhost:44376/v1/api/Data/GetAllFilterData application/json 97
2023-04-07 15:58:51,425 [11] INFO  Microsoft.AspNetCore.Authentication.JwtBearer.JwtBearerHandler - Bearer was not authenticated. Failure message: IDX10223: Lifetime validation failed. The token is expired. ValidTo: 'System.DateTime', Current time: 'System.DateTime'.
2023-04-07 15:58:51,426 [27] INFO  Microsoft.AspNetCore.Cors.Infrastructure.CorsService - CORS policy execution successful.
2023-04-07 15:58:51,426 [11] INFO  Microsoft.AspNetCore.Mvc.Infrastructure.ControllerActionInvoker - Route matched with {action = "GetAllData", controller = "Data"}. Executing controller action with signature System.Threading.Tasks.Task`1[Microsoft.AspNetCore.Mvc.ActionResult] GetAllData(Utility.SearchModel) on controller Richborn.Controllers.DataController (Richborn).
2023-04-07 15:58:51,426 [10] INFO  Microsoft.AspNetCore.Hosting.Diagnostics - Request starting HTTP/2.0 POST https://localhost:44376/v1/api/Data/GetAllData application/json 85
2023-04-07 15:58:51,426 [10] INFO  Microsoft.AspNetCore.Cors.Infrastructure.CorsService - CORS policy execution successful.
2023-04-07 15:58:51,426 [27] INFO  Microsoft.AspNetCore.Authentication.JwtBearer.JwtBearerHandler - Failed to validate the token.
Microsoft.IdentityModel.Tokens.SecurityTokenExpiredException: IDX10223: Lifetime validation failed. The token is expired. ValidTo: 'System.DateTime', Current time: 'System.DateTime'.
   at Microsoft.IdentityModel.Tokens.Validators.ValidateLifetime(Nullable`1 notBefore, Nullable`1 expires, SecurityToken securityToken, TokenValidationParameters validationParameters)
   at System.IdentityModel.Tokens.Jwt.JwtSecurityTokenHandler.ValidateLifetime(Nullable`1 notBefore, Nullable`1 expires, JwtSecurityToken jwtToken, TokenValidationParameters validationParameters)
   at System.IdentityModel.Tokens.Jwt.JwtSecurityTokenHandler.ValidateTokenPayload(JwtSecurityToken jwtToken, TokenValidationParameters validationParameters)
   at System.IdentityModel.Tokens.Jwt.JwtSecurityTokenHandler.ValidateToken(String token, TokenValidationParameters validationParameters, SecurityToken& validatedToken)
   at Microsoft.AspNetCore.Authentication.JwtBearer.JwtBearerHandler.HandleAuthenticateAsync()
2023-04-07 15:58:51,427 [27] INFO  Microsoft.AspNetCore.Authentication.JwtBearer.JwtBearerHandler - Bearer was not authenticated. Failure message: IDX10223: Lifetime validation failed. The token is expired. ValidTo: 'System.DateTime', Current time: 'System.DateTime'.
2023-04-07 15:58:51,427 [10] INFO  Microsoft.AspNetCore.Authentication.JwtBearer.JwtBearerHandler - Failed to validate the token.
Microsoft.IdentityModel.Tokens.SecurityTokenExpiredException: IDX10223: Lifetime validation failed. The token is expired. ValidTo: 'System.DateTime', Current time: 'System.DateTime'.
   at Microsoft.IdentityModel.Tokens.Validators.ValidateLifetime(Nullable`1 notBefore, Nullable`1 expires, SecurityToken securityToken, TokenValidationParameters validationParameters)
   at System.IdentityModel.Tokens.Jwt.JwtSecurityTokenHandler.ValidateLifetime(Nullable`1 notBefore, Nullable`1 expires, JwtSecurityToken jwtToken, TokenValidationParameters validationParameters)
   at System.IdentityModel.Tokens.Jwt.JwtSecurityTokenHandler.ValidateTokenPayload(JwtSecurityToken jwtToken, TokenValidationParameters validationParameters)
   at System.IdentityModel.Tokens.Jwt.JwtSecurityTokenHandler.ValidateToken(String token, TokenValidationParameters validationParameters, SecurityToken& validatedToken)
   at Microsoft.AspNetCore.Authentication.JwtBearer.JwtBearerHandler.HandleAuthenticateAsync()
2023-04-07 15:58:51,427 [27] INFO  Microsoft.AspNetCore.Mvc.Infrastructure.ControllerActionInvoker - Route matched with {action = "GetAllFilterData", controller = "Data"}. Executing controller action with signature System.Threading.Tasks.Task`1[Microsoft.AspNetCore.Mvc.ActionResult] GetAllFilterData(Utility.SearchModel) on controller Richborn.Controllers.DataController (Richborn).
2023-04-07 15:58:51,427 [10] INFO  Microsoft.AspNetCore.Authentication.JwtBearer.JwtBearerHandler - Bearer was not authenticated. Failure message: IDX10223: Lifetime validation failed. The token is expired. ValidTo: 'System.DateTime', Current time: 'System.DateTime'.
2023-04-07 15:58:51,427 [10] INFO  Microsoft.AspNetCore.Mvc.Infrastructure.ControllerActionInvoker - Route matched with {action = "GetAllData", controller = "Data"}. Executing controller action with signature System.Threading.Tasks.Task`1[Microsoft.AspNetCore.Mvc.ActionResult] GetAllData(Utility.SearchModel) on controller Richborn.Controllers.DataController (Richborn).
2023-04-07 15:58:51,681 [5] INFO  Microsoft.AspNetCore.Mvc.Infrastructure.ObjectResultExecutor - Executing ObjectResult, writing value of type 'Utility.ResponseData`1[[System.String, System.Private.CoreLib, Version=4.0.0.0, Culture=neutral, PublicKeyToken=7cec85d7bea7798e]]'.
2023-04-07 15:58:51,682 [5] INFO  Microsoft.AspNetCore.Mvc.Infrastructure.ControllerActionInvoker - Executed action Richborn.Controllers.DataController.GetAllData (Richborn) in 258.4436ms
2023-04-07 15:58:51,682 [5] INFO  Microsoft.AspNetCore.Hosting.Diagnostics - Request finished in 260.8223ms 200 application/json; charset=utf-8
2023-04-07 15:58:51,860 [5] INFO  Microsoft.AspNetCore.Mvc.Infrastructure.ObjectResultExecutor - Executing ObjectResult, writing value of type 'Utility.ResponseData`1[[System.String, System.Private.CoreLib, Version=4.0.0.0, Culture=neutral, PublicKeyToken=7cec85d7bea7798e]]'.
2023-04-07 15:58:51,861 [5] INFO  Microsoft.AspNetCore.Mvc.Infrastructure.ControllerActionInvoker - Executed action Richborn.Controllers.DataController.GetAllData (Richborn) in 434.6865ms
2023-04-07 15:58:51,861 [5] INFO  Microsoft.AspNetCore.Hosting.Diagnostics - Request finished in 436.4392ms 200 application/json; charset=utf-8
2023-04-07 15:58:52,043 [5] INFO  Microsoft.AspNetCore.Mvc.Infrastructure.ObjectResultExecutor - Executing ObjectResult, writing value of type 'Utility.ResponseData`1[[System.String, System.Private.CoreLib, Version=4.0.0.0, Culture=neutral, PublicKeyToken=7cec85d7bea7798e]]'.
2023-04-07 15:58:52,043 [5] INFO  Microsoft.AspNetCore.Mvc.Infrastructure.ControllerActionInvoker - Executed action Richborn.Controllers.DataController.GetAllFilterData (Richborn) in 616.308ms
2023-04-07 15:58:52,044 [5] INFO  Microsoft.AspNetCore.Hosting.Diagnostics - Request finished in 618.3128ms 200 application/json; charset=utf-8
2023-04-07 15:58:52,221 [10] INFO  Microsoft.AspNetCore.Mvc.Infrastructure.ObjectResultExecutor - Executing ObjectResult, writing value of type 'Utility.ResponseData`1[[System.String, System.Private.CoreLib, Version=4.0.0.0, Culture=neutral, PublicKeyToken=7cec85d7bea7798e]]'.
2023-04-07 15:58:52,222 [10] INFO  Microsoft.AspNetCore.Mvc.Infrastructure.ControllerActionInvoker - Executed action Richborn.Controllers.DataController.GetAllData (Richborn) in 794.2863ms
2023-04-07 15:58:52,222 [10] INFO  Microsoft.AspNetCore.Hosting.Diagnostics - Request finished in 795.8287ms 200 application/json; charset=utf-8
2023-04-07 15:58:52,580 [10] INFO  Microsoft.AspNetCore.Mvc.Infrastructure.ObjectResultExecutor - Executing ObjectResult, writing value of type 'Utility.ResponseData`1[[System.String, System.Private.CoreLib, Version=4.0.0.0, Culture=neutral, PublicKeyToken=7cec85d7bea7798e]]'.
2023-04-07 15:58:52,581 [10] INFO  Microsoft.AspNetCore.Mvc.Infrastructure.ControllerActionInvoker - Executed action Richborn.Controllers.DataController.GetAllData (Richborn) in 1156.0065ms
2023-04-07 15:58:52,581 [10] INFO  Microsoft.AspNetCore.Hosting.Diagnostics - Request finished in 1158.0679ms 200 application/json; charset=utf-8
