2023-04-22 18:30:10,899 [1] INFO  Microsoft.AspNetCore.DataProtection.KeyManagement.XmlKeyManager - User profile is available. Using 'C:\Users\gaura\AppData\Local\ASP.NET\DataProtection-Keys' as key repository and Windows DPAPI to encrypt keys at rest.
2023-04-22 18:30:11,189 [7] INFO  Microsoft.AspNetCore.Hosting.Diagnostics - Request starting HTTP/2.0 GET https://localhost:44376/swagger  
2023-04-22 18:30:11,401 [7] INFO  Microsoft.AspNetCore.Hosting.Diagnostics - Request finished in 212.4442ms 302 
2023-04-22 18:30:11,453 [9] INFO  Microsoft.AspNetCore.Hosting.Diagnostics - Request starting HTTP/2.0 GET https://localhost:44376/swagger/index.html  
2023-04-22 18:30:12,036 [5] INFO  Microsoft.AspNetCore.Hosting.Diagnostics - Request finished in 610.8542ms 200 text/html; charset=utf-8
2023-04-22 18:30:12,042 [15] INFO  Microsoft.AspNetCore.Hosting.Diagnostics - Request starting HTTP/2.0 GET https://localhost:44376/swagger/swagger-ui.css  
2023-04-22 18:30:12,045 [16] INFO  Microsoft.AspNetCore.Hosting.Diagnostics - Request starting HTTP/2.0 GET https://localhost:44376/swagger/swagger-ui-bundle.js  
2023-04-22 18:30:12,052 [17] INFO  Microsoft.AspNetCore.Hosting.Diagnostics - Request starting HTTP/2.0 GET https://localhost:44376/swagger/swagger-ui-standalone-preset.js  
2023-04-22 18:30:12,107 [13] INFO  Microsoft.AspNetCore.StaticFiles.StaticFileMiddleware - Sending file. Request path: '/swagger-ui.css'. Physical path: 'N/A'
2023-04-22 18:30:12,107 [7] INFO  Microsoft.AspNetCore.StaticFiles.StaticFileMiddleware - Sending file. Request path: '/swagger-ui-standalone-preset.js'. Physical path: 'N/A'
2023-04-22 18:30:12,117 [13] INFO  Microsoft.AspNetCore.Hosting.Diagnostics - Request finished in 73.9128ms 200 text/css
2023-04-22 18:30:12,121 [7] INFO  Microsoft.AspNetCore.Hosting.Diagnostics - Request finished in 74.7291ms 200 application/javascript
2023-04-22 18:30:12,139 [14] INFO  Microsoft.AspNetCore.StaticFiles.StaticFileMiddleware - Sending file. Request path: '/swagger-ui-bundle.js'. Physical path: 'N/A'
2023-04-22 18:30:12,158 [14] INFO  Microsoft.AspNetCore.Hosting.Diagnostics - Request finished in 116.8559ms 200 application/javascript
2023-04-22 18:30:12,212 [15] INFO  Microsoft.AspNetCore.Hosting.Diagnostics - Request starting HTTP/2.0 GET https://localhost:44376/_framework/aspnetcore-browser-refresh.js  
2023-04-22 18:30:12,225 [15] INFO  Microsoft.AspNetCore.Hosting.Diagnostics - Request finished in 12.0527ms 200 application/javascript; charset=utf-8
2023-04-22 18:30:12,249 [16] INFO  Microsoft.AspNetCore.Hosting.Diagnostics - Request starting HTTP/2.0 GET https://localhost:44376/_vs/browserLink  
2023-04-22 18:30:12,314 [17] INFO  Microsoft.AspNetCore.Hosting.Diagnostics - Request finished in 64.7897ms 200 text/javascript; charset=UTF-8
2023-04-22 18:30:12,570 [16] INFO  Microsoft.AspNetCore.Hosting.Diagnostics - Request starting HTTP/2.0 GET https://localhost:44376/swagger/v1/swagger.json  
2023-04-22 18:30:12,639 [15] INFO  Microsoft.AspNetCore.Hosting.Diagnostics - Request starting HTTP/2.0 GET https://localhost:44376/swagger/favicon-32x32.png  
2023-04-22 18:30:12,656 [15] INFO  Microsoft.AspNetCore.StaticFiles.StaticFileMiddleware - Sending file. Request path: '/favicon-32x32.png'. Physical path: 'N/A'
2023-04-22 18:30:12,667 [15] INFO  Microsoft.AspNetCore.Hosting.Diagnostics - Request finished in 29.2437ms 200 image/png
2023-04-22 18:30:13,569 [16] INFO  Microsoft.AspNetCore.Hosting.Diagnostics - Request finished in 1001.6261ms 200 application/json; charset=utf-8
2023-04-22 18:30:48,194 [1] INFO  Microsoft.AspNetCore.DataProtection.KeyManagement.XmlKeyManager - User profile is available. Using 'C:\Users\gaura\AppData\Local\ASP.NET\DataProtection-Keys' as key repository and Windows DPAPI to encrypt keys at rest.
2023-04-22 18:30:48,303 [12] INFO  Microsoft.AspNetCore.Hosting.Diagnostics - Request starting HTTP/2.0 GET https://localhost:44376/swagger  
2023-04-22 18:30:48,369 [12] INFO  Microsoft.AspNetCore.Hosting.Diagnostics - Request finished in 66.4583ms 302 
2023-04-22 18:30:48,394 [11] INFO  Microsoft.AspNetCore.Hosting.Diagnostics - Request starting HTTP/2.0 GET https://localhost:44376/swagger/index.html  
2023-04-22 18:30:48,588 [4] INFO  Microsoft.AspNetCore.Hosting.Diagnostics - Request finished in 193.9659ms 200 text/html; charset=utf-8
2023-04-22 18:30:48,596 [12] INFO  Microsoft.AspNetCore.Hosting.Diagnostics - Request starting HTTP/2.0 GET https://localhost:44376/_framework/aspnetcore-browser-refresh.js  
2023-04-22 18:30:48,602 [12] INFO  Microsoft.AspNetCore.Hosting.Diagnostics - Request finished in 5.9908ms 200 application/javascript; charset=utf-8
2023-04-22 18:30:48,669 [11] INFO  Microsoft.AspNetCore.Hosting.Diagnostics - Request starting HTTP/2.0 GET https://localhost:44376/_vs/browserLink  
2023-04-22 18:30:48,687 [11] INFO  Microsoft.AspNetCore.Hosting.Diagnostics - Request finished in 18.0796ms 200 text/javascript; charset=UTF-8
2023-04-22 18:30:48,935 [11] INFO  Microsoft.AspNetCore.Hosting.Diagnostics - Request starting HTTP/2.0 GET https://localhost:44376/swagger/v1/swagger.json  
2023-04-22 18:30:49,521 [11] INFO  Microsoft.AspNetCore.Hosting.Diagnostics - Request finished in 586.237ms 200 application/json; charset=utf-8
