2023-04-07 16:11:00,211 [16] INFO  Microsoft.AspNetCore.Hosting.Diagnostics - Request starting HTTP/2.0 GET https://localhost:44376/_framework/aspnetcore-browser-refresh.js  
2023-04-07 16:11:00,219 [16] INFO  Microsoft.AspNetCore.Hosting.Diagnostics - Request finished in 8.0952ms 200 application/javascript; charset=utf-8
2023-04-07 16:11:00,266 [99] INFO  Microsoft.AspNetCore.Hosting.Diagnostics - Request starting HTTP/2.0 GET https://localhost:44376/_vs/browserLink  
2023-04-07 16:11:00,274 [99] INFO  Microsoft.AspNetCore.Hosting.Diagnostics - Request finished in 8.4358ms 200 text/javascript; charset=UTF-8
2023-04-07 16:11:00,444 [24] INFO  Microsoft.AspNetCore.Hosting.Diagnostics - Request starting HTTP/2.0 GET https://localhost:44376/swagger/v1/swagger.json  
2023-04-07 16:11:00,445 [24] INFO  Microsoft.AspNetCore.Hosting.Diagnostics - Request finished in 1.6018ms 200 application/json; charset=utf-8
2023-04-07 16:11:07,083 [24] INFO  Microsoft.AspNetCore.Hosting.Diagnostics - Request starting HTTP/2.0 OPTIONS https://localhost:44376/v1/api/Data/GetAllData  
2023-04-07 16:11:07,083 [24] INFO  Microsoft.AspNetCore.Cors.Infrastructure.CorsService - CORS policy execution successful.
2023-04-07 16:11:07,084 [24] INFO  Microsoft.AspNetCore.Hosting.Diagnostics - Request finished in 0.4556ms 204 
2023-04-07 16:11:07,088 [24] INFO  Microsoft.AspNetCore.Hosting.Diagnostics - Request starting HTTP/2.0 POST https://localhost:44376/v1/api/Data/GetAllData application/json 80
2023-04-07 16:11:07,089 [24] INFO  Microsoft.AspNetCore.Cors.Infrastructure.CorsService - CORS policy execution successful.
2023-04-07 16:11:07,089 [24] INFO  Microsoft.AspNetCore.Authentication.JwtBearer.JwtBearerHandler - Failed to validate the token.
Microsoft.IdentityModel.Tokens.SecurityTokenExpiredException: IDX10223: Lifetime validation failed. The token is expired. ValidTo: 'System.DateTime', Current time: 'System.DateTime'.
   at Microsoft.IdentityModel.Tokens.Validators.ValidateLifetime(Nullable`1 notBefore, Nullable`1 expires, SecurityToken securityToken, TokenValidationParameters validationParameters)
   at System.IdentityModel.Tokens.Jwt.JwtSecurityTokenHandler.ValidateLifetime(Nullable`1 notBefore, Nullable`1 expires, JwtSecurityToken jwtToken, TokenValidationParameters validationParameters)
   at System.IdentityModel.Tokens.Jwt.JwtSecurityTokenHandler.ValidateTokenPayload(JwtSecurityToken jwtToken, TokenValidationParameters validationParameters)
   at System.IdentityModel.Tokens.Jwt.JwtSecurityTokenHandler.ValidateToken(String token, TokenValidationParameters validationParameters, SecurityToken& validatedToken)
   at Microsoft.AspNetCore.Authentication.JwtBearer.JwtBearerHandler.HandleAuthenticateAsync()
2023-04-07 16:11:07,090 [24] INFO  Microsoft.AspNetCore.Authentication.JwtBearer.JwtBearerHandler - Bearer was not authenticated. Failure message: IDX10223: Lifetime validation failed. The token is expired. ValidTo: 'System.DateTime', Current time: 'System.DateTime'.
2023-04-07 16:11:07,090 [24] INFO  Microsoft.AspNetCore.Mvc.Infrastructure.ControllerActionInvoker - Route matched with {action = "GetAllData", controller = "Data"}. Executing controller action with signature System.Threading.Tasks.Task`1[Microsoft.AspNetCore.Mvc.ActionResult] GetAllData(Utility.SearchModel) on controller Richborn.Controllers.DataController (Richborn).
2023-04-07 16:11:07,415 [99] INFO  Microsoft.AspNetCore.Mvc.Infrastructure.ObjectResultExecutor - Executing ObjectResult, writing value of type 'Utility.ResponseData`1[[System.String, System.Private.CoreLib, Version=4.0.0.0, Culture=neutral, PublicKeyToken=7cec85d7bea7798e]]'.
2023-04-07 16:11:07,415 [99] INFO  Microsoft.AspNetCore.Mvc.Infrastructure.ControllerActionInvoker - Executed action Richborn.Controllers.DataController.GetAllData (Richborn) in 325.1556ms
2023-04-07 16:11:07,415 [99] INFO  Microsoft.AspNetCore.Hosting.Diagnostics - Request finished in 326.831ms 200 application/json; charset=utf-8
2023-04-07 16:11:24,961 [99] INFO  Microsoft.AspNetCore.Hosting.Diagnostics - Request starting HTTP/2.0 OPTIONS https://localhost:44376/v1/api/Data/GetAllData  
2023-04-07 16:11:24,961 [99] INFO  Microsoft.AspNetCore.Cors.Infrastructure.CorsService - CORS policy execution successful.
2023-04-07 16:11:24,962 [99] INFO  Microsoft.AspNetCore.Hosting.Diagnostics - Request finished in 0.464ms 204 
2023-04-07 16:11:24,965 [99] INFO  Microsoft.AspNetCore.Hosting.Diagnostics - Request starting HTTP/2.0 OPTIONS https://localhost:44376/v1/api/Data/GetAllData  
2023-04-07 16:11:24,965 [16] INFO  Microsoft.AspNetCore.Hosting.Diagnostics - Request starting HTTP/2.0 OPTIONS https://localhost:44376/v1/api/Data/GetAllData  
2023-04-07 16:11:24,965 [99] INFO  Microsoft.AspNetCore.Cors.Infrastructure.CorsService - CORS policy execution successful.
2023-04-07 16:11:24,965 [16] INFO  Microsoft.AspNetCore.Cors.Infrastructure.CorsService - CORS policy execution successful.
2023-04-07 16:11:24,966 [99] INFO  Microsoft.AspNetCore.Hosting.Diagnostics - Request finished in 0.7406ms 204 
2023-04-07 16:11:24,966 [16] INFO  Microsoft.AspNetCore.Hosting.Diagnostics - Request finished in 0.2805ms 204 
2023-04-07 16:11:24,966 [24] INFO  Microsoft.AspNetCore.Hosting.Diagnostics - Request starting HTTP/2.0 OPTIONS https://localhost:44376/v1/api/Data/GetAllData  
2023-04-07 16:11:24,966 [24] INFO  Microsoft.AspNetCore.Cors.Infrastructure.CorsService - CORS policy execution successful.
2023-04-07 16:11:24,966 [99] INFO  Microsoft.AspNetCore.Hosting.Diagnostics - Request starting HTTP/2.0 OPTIONS https://localhost:44376/v1/api/Data/GetAllFilterData  
2023-04-07 16:11:24,966 [99] INFO  Microsoft.AspNetCore.Cors.Infrastructure.CorsService - CORS policy execution successful.
2023-04-07 16:11:24,966 [24] INFO  Microsoft.AspNetCore.Hosting.Diagnostics - Request finished in 0.242ms 204 
2023-04-07 16:11:24,966 [99] INFO  Microsoft.AspNetCore.Hosting.Diagnostics - Request finished in 0.1895ms 204 
2023-04-07 16:11:24,974 [24] INFO  Microsoft.AspNetCore.Hosting.Diagnostics - Request starting HTTP/2.0 POST https://localhost:44376/v1/api/Data/GetAllData application/json 98
2023-04-07 16:11:24,975 [24] INFO  Microsoft.AspNetCore.Cors.Infrastructure.CorsService - CORS policy execution successful.
2023-04-07 16:11:24,977 [24] INFO  Microsoft.AspNetCore.Authentication.JwtBearer.JwtBearerHandler - Failed to validate the token.
Microsoft.IdentityModel.Tokens.SecurityTokenExpiredException: IDX10223: Lifetime validation failed. The token is expired. ValidTo: 'System.DateTime', Current time: 'System.DateTime'.
   at Microsoft.IdentityModel.Tokens.Validators.ValidateLifetime(Nullable`1 notBefore, Nullable`1 expires, SecurityToken securityToken, TokenValidationParameters validationParameters)
   at System.IdentityModel.Tokens.Jwt.JwtSecurityTokenHandler.ValidateLifetime(Nullable`1 notBefore, Nullable`1 expires, JwtSecurityToken jwtToken, TokenValidationParameters validationParameters)
   at System.IdentityModel.Tokens.Jwt.JwtSecurityTokenHandler.ValidateTokenPayload(JwtSecurityToken jwtToken, TokenValidationParameters validationParameters)
   at System.IdentityModel.Tokens.Jwt.JwtSecurityTokenHandler.ValidateToken(String token, TokenValidationParameters validationParameters, SecurityToken& validatedToken)
   at Microsoft.AspNetCore.Authentication.JwtBearer.JwtBearerHandler.HandleAuthenticateAsync()
2023-04-07 16:11:24,977 [24] INFO  Microsoft.AspNetCore.Authentication.JwtBearer.JwtBearerHandler - Bearer was not authenticated. Failure message: IDX10223: Lifetime validation failed. The token is expired. ValidTo: 'System.DateTime', Current time: 'System.DateTime'.
2023-04-07 16:11:24,977 [80] INFO  Microsoft.AspNetCore.Hosting.Diagnostics - Request starting HTTP/2.0 POST https://localhost:44376/v1/api/Data/GetAllData application/json 89
2023-04-07 16:11:24,977 [24] INFO  Microsoft.AspNetCore.Mvc.Infrastructure.ControllerActionInvoker - Route matched with {action = "GetAllData", controller = "Data"}. Executing controller action with signature System.Threading.Tasks.Task`1[Microsoft.AspNetCore.Mvc.ActionResult] GetAllData(Utility.SearchModel) on controller Richborn.Controllers.DataController (Richborn).
2023-04-07 16:11:24,977 [96] INFO  Microsoft.AspNetCore.Hosting.Diagnostics - Request starting HTTP/2.0 POST https://localhost:44376/v1/api/Data/GetAllData application/json 79
2023-04-07 16:11:24,978 [80] INFO  Microsoft.AspNetCore.Cors.Infrastructure.CorsService - CORS policy execution successful.
2023-04-07 16:11:24,978 [96] INFO  Microsoft.AspNetCore.Cors.Infrastructure.CorsService - CORS policy execution successful.
2023-04-07 16:11:24,979 [80] INFO  Microsoft.AspNetCore.Authentication.JwtBearer.JwtBearerHandler - Failed to validate the token.
Microsoft.IdentityModel.Tokens.SecurityTokenExpiredException: IDX10223: Lifetime validation failed. The token is expired. ValidTo: 'System.DateTime', Current time: 'System.DateTime'.
   at Microsoft.IdentityModel.Tokens.Validators.ValidateLifetime(Nullable`1 notBefore, Nullable`1 expires, SecurityToken securityToken, TokenValidationParameters validationParameters)
   at System.IdentityModel.Tokens.Jwt.JwtSecurityTokenHandler.ValidateLifetime(Nullable`1 notBefore, Nullable`1 expires, JwtSecurityToken jwtToken, TokenValidationParameters validationParameters)
   at System.IdentityModel.Tokens.Jwt.JwtSecurityTokenHandler.ValidateTokenPayload(JwtSecurityToken jwtToken, TokenValidationParameters validationParameters)
   at System.IdentityModel.Tokens.Jwt.JwtSecurityTokenHandler.ValidateToken(String token, TokenValidationParameters validationParameters, SecurityToken& validatedToken)
   at Microsoft.AspNetCore.Authentication.JwtBearer.JwtBearerHandler.HandleAuthenticateAsync()
2023-04-07 16:11:24,979 [96] INFO  Microsoft.AspNetCore.Authentication.JwtBearer.JwtBearerHandler - Failed to validate the token.
Microsoft.IdentityModel.Tokens.SecurityTokenExpiredException: IDX10223: Lifetime validation failed. The token is expired. ValidTo: 'System.DateTime', Current time: 'System.DateTime'.
   at Microsoft.IdentityModel.Tokens.Validators.ValidateLifetime(Nullable`1 notBefore, Nullable`1 expires, SecurityToken securityToken, TokenValidationParameters validationParameters)
   at System.IdentityModel.Tokens.Jwt.JwtSecurityTokenHandler.ValidateLifetime(Nullable`1 notBefore, Nullable`1 expires, JwtSecurityToken jwtToken, TokenValidationParameters validationParameters)
   at System.IdentityModel.Tokens.Jwt.JwtSecurityTokenHandler.ValidateTokenPayload(JwtSecurityToken jwtToken, TokenValidationParameters validationParameters)
   at System.IdentityModel.Tokens.Jwt.JwtSecurityTokenHandler.ValidateToken(String token, TokenValidationParameters validationParameters, SecurityToken& validatedToken)
   at Microsoft.AspNetCore.Authentication.JwtBearer.JwtBearerHandler.HandleAuthenticateAsync()
2023-04-07 16:11:24,979 [80] INFO  Microsoft.AspNetCore.Authentication.JwtBearer.JwtBearerHandler - Bearer was not authenticated. Failure message: IDX10223: Lifetime validation failed. The token is expired. ValidTo: 'System.DateTime', Current time: 'System.DateTime'.
2023-04-07 16:11:24,979 [96] INFO  Microsoft.AspNetCore.Authentication.JwtBearer.JwtBearerHandler - Bearer was not authenticated. Failure message: IDX10223: Lifetime validation failed. The token is expired. ValidTo: 'System.DateTime', Current time: 'System.DateTime'.
2023-04-07 16:11:24,979 [80] INFO  Microsoft.AspNetCore.Mvc.Infrastructure.ControllerActionInvoker - Route matched with {action = "GetAllData", controller = "Data"}. Executing controller action with signature System.Threading.Tasks.Task`1[Microsoft.AspNetCore.Mvc.ActionResult] GetAllData(Utility.SearchModel) on controller Richborn.Controllers.DataController (Richborn).
2023-04-07 16:11:24,979 [96] INFO  Microsoft.AspNetCore.Mvc.Infrastructure.ControllerActionInvoker - Route matched with {action = "GetAllData", controller = "Data"}. Executing controller action with signature System.Threading.Tasks.Task`1[Microsoft.AspNetCore.Mvc.ActionResult] GetAllData(Utility.SearchModel) on controller Richborn.Controllers.DataController (Richborn).
2023-04-07 16:11:24,979 [99] INFO  Microsoft.AspNetCore.Hosting.Diagnostics - Request starting HTTP/2.0 POST https://localhost:44376/v1/api/Data/GetAllFilterData application/json 97
2023-04-07 16:11:24,979 [24] INFO  Microsoft.AspNetCore.Hosting.Diagnostics - Request starting HTTP/2.0 POST https://localhost:44376/v1/api/Data/GetAllData application/json 85
2023-04-07 16:11:24,979 [99] INFO  Microsoft.AspNetCore.Cors.Infrastructure.CorsService - CORS policy execution successful.
2023-04-07 16:11:24,979 [24] INFO  Microsoft.AspNetCore.Cors.Infrastructure.CorsService - CORS policy execution successful.
2023-04-07 16:11:24,980 [24] INFO  Microsoft.AspNetCore.Authentication.JwtBearer.JwtBearerHandler - Failed to validate the token.
Microsoft.IdentityModel.Tokens.SecurityTokenExpiredException: IDX10223: Lifetime validation failed. The token is expired. ValidTo: 'System.DateTime', Current time: 'System.DateTime'.
   at Microsoft.IdentityModel.Tokens.Validators.ValidateLifetime(Nullable`1 notBefore, Nullable`1 expires, SecurityToken securityToken, TokenValidationParameters validationParameters)
   at System.IdentityModel.Tokens.Jwt.JwtSecurityTokenHandler.ValidateLifetime(Nullable`1 notBefore, Nullable`1 expires, JwtSecurityToken jwtToken, TokenValidationParameters validationParameters)
   at System.IdentityModel.Tokens.Jwt.JwtSecurityTokenHandler.ValidateTokenPayload(JwtSecurityToken jwtToken, TokenValidationParameters validationParameters)
   at System.IdentityModel.Tokens.Jwt.JwtSecurityTokenHandler.ValidateToken(String token, TokenValidationParameters validationParameters, SecurityToken& validatedToken)
   at Microsoft.AspNetCore.Authentication.JwtBearer.JwtBearerHandler.HandleAuthenticateAsync()
2023-04-07 16:11:24,980 [99] INFO  Microsoft.AspNetCore.Authentication.JwtBearer.JwtBearerHandler - Failed to validate the token.
Microsoft.IdentityModel.Tokens.SecurityTokenExpiredException: IDX10223: Lifetime validation failed. The token is expired. ValidTo: 'System.DateTime', Current time: 'System.DateTime'.
   at Microsoft.IdentityModel.Tokens.Validators.ValidateLifetime(Nullable`1 notBefore, Nullable`1 expires, SecurityToken securityToken, TokenValidationParameters validationParameters)
   at System.IdentityModel.Tokens.Jwt.JwtSecurityTokenHandler.ValidateLifetime(Nullable`1 notBefore, Nullable`1 expires, JwtSecurityToken jwtToken, TokenValidationParameters validationParameters)
   at System.IdentityModel.Tokens.Jwt.JwtSecurityTokenHandler.ValidateTokenPayload(JwtSecurityToken jwtToken, TokenValidationParameters validationParameters)
   at System.IdentityModel.Tokens.Jwt.JwtSecurityTokenHandler.ValidateToken(String token, TokenValidationParameters validationParameters, SecurityToken& validatedToken)
   at Microsoft.AspNetCore.Authentication.JwtBearer.JwtBearerHandler.HandleAuthenticateAsync()
2023-04-07 16:11:24,980 [24] INFO  Microsoft.AspNetCore.Authentication.JwtBearer.JwtBearerHandler - Bearer was not authenticated. Failure message: IDX10223: Lifetime validation failed. The token is expired. ValidTo: 'System.DateTime', Current time: 'System.DateTime'.
2023-04-07 16:11:24,980 [99] INFO  Microsoft.AspNetCore.Authentication.JwtBearer.JwtBearerHandler - Bearer was not authenticated. Failure message: IDX10223: Lifetime validation failed. The token is expired. ValidTo: 'System.DateTime', Current time: 'System.DateTime'.
2023-04-07 16:11:24,980 [99] INFO  Microsoft.AspNetCore.Mvc.Infrastructure.ControllerActionInvoker - Route matched with {action = "GetAllFilterData", controller = "Data"}. Executing controller action with signature System.Threading.Tasks.Task`1[Microsoft.AspNetCore.Mvc.ActionResult] GetAllFilterData(Utility.SearchModel) on controller Richborn.Controllers.DataController (Richborn).
2023-04-07 16:11:24,980 [24] INFO  Microsoft.AspNetCore.Mvc.Infrastructure.ControllerActionInvoker - Route matched with {action = "GetAllData", controller = "Data"}. Executing controller action with signature System.Threading.Tasks.Task`1[Microsoft.AspNetCore.Mvc.ActionResult] GetAllData(Utility.SearchModel) on controller Richborn.Controllers.DataController (Richborn).
2023-04-07 16:11:25,194 [24] INFO  Microsoft.AspNetCore.Mvc.Infrastructure.ObjectResultExecutor - Executing ObjectResult, writing value of type 'Utility.ResponseData`1[[System.String, System.Private.CoreLib, Version=4.0.0.0, Culture=neutral, PublicKeyToken=7cec85d7bea7798e]]'.
2023-04-07 16:11:25,194 [96] INFO  Microsoft.AspNetCore.Mvc.Infrastructure.ObjectResultExecutor - Executing ObjectResult, writing value of type 'Utility.ResponseData`1[[System.String, System.Private.CoreLib, Version=4.0.0.0, Culture=neutral, PublicKeyToken=7cec85d7bea7798e]]'.
2023-04-07 16:11:25,194 [93] INFO  Microsoft.AspNetCore.Mvc.Infrastructure.ObjectResultExecutor - Executing ObjectResult, writing value of type 'Utility.ResponseData`1[[System.String, System.Private.CoreLib, Version=4.0.0.0, Culture=neutral, PublicKeyToken=7cec85d7bea7798e]]'.
2023-04-07 16:11:25,194 [80] INFO  Microsoft.AspNetCore.Mvc.Infrastructure.ObjectResultExecutor - Executing ObjectResult, writing value of type 'Utility.ResponseData`1[[System.String, System.Private.CoreLib, Version=4.0.0.0, Culture=neutral, PublicKeyToken=7cec85d7bea7798e]]'.
2023-04-07 16:11:25,195 [24] INFO  Microsoft.AspNetCore.Mvc.Infrastructure.ControllerActionInvoker - Executed action Richborn.Controllers.DataController.GetAllData (Richborn) in 215.3976ms
2023-04-07 16:11:25,195 [93] INFO  Microsoft.AspNetCore.Mvc.Infrastructure.ControllerActionInvoker - Executed action Richborn.Controllers.DataController.GetAllData (Richborn) in 214.1389ms
2023-04-07 16:11:25,195 [80] INFO  Microsoft.AspNetCore.Mvc.Infrastructure.ControllerActionInvoker - Executed action Richborn.Controllers.DataController.GetAllData (Richborn) in 215.4213ms
2023-04-07 16:11:25,195 [24] INFO  Microsoft.AspNetCore.Hosting.Diagnostics - Request finished in 217.4578ms 200 application/json; charset=utf-8
2023-04-07 16:11:25,195 [96] INFO  Microsoft.AspNetCore.Mvc.Infrastructure.ControllerActionInvoker - Executed action Richborn.Controllers.DataController.GetAllData (Richborn) in 217.0589ms
2023-04-07 16:11:25,195 [80] INFO  Microsoft.AspNetCore.Hosting.Diagnostics - Request finished in 217.4324ms 200 application/json; charset=utf-8
2023-04-07 16:11:25,195 [93] INFO  Microsoft.AspNetCore.Hosting.Diagnostics - Request finished in 215.3749ms 200 application/json; charset=utf-8
2023-04-07 16:11:25,195 [96] INFO  Microsoft.AspNetCore.Hosting.Diagnostics - Request finished in 220.3104ms 200 application/json; charset=utf-8
2023-04-07 16:11:26,092 [96] INFO  Microsoft.AspNetCore.Mvc.Infrastructure.ObjectResultExecutor - Executing ObjectResult, writing value of type 'Utility.ResponseData`1[[System.String, System.Private.CoreLib, Version=4.0.0.0, Culture=neutral, PublicKeyToken=7cec85d7bea7798e]]'.
2023-04-07 16:11:26,092 [96] INFO  Microsoft.AspNetCore.Mvc.Infrastructure.ControllerActionInvoker - Executed action Richborn.Controllers.DataController.GetAllFilterData (Richborn) in 1111.4051ms
2023-04-07 16:11:26,092 [96] INFO  Microsoft.AspNetCore.Hosting.Diagnostics - Request finished in 1112.7026ms 200 application/json; charset=utf-8
2023-04-07 16:11:28,171 [96] INFO  Microsoft.AspNetCore.Hosting.Diagnostics - Request starting HTTP/2.0 POST https://localhost:44376/v1/api/Data/GetAllData application/json 80
2023-04-07 16:11:28,171 [96] INFO  Microsoft.AspNetCore.Cors.Infrastructure.CorsService - CORS policy execution successful.
2023-04-07 16:11:28,172 [96] INFO  Microsoft.AspNetCore.Authentication.JwtBearer.JwtBearerHandler - Failed to validate the token.
Microsoft.IdentityModel.Tokens.SecurityTokenExpiredException: IDX10223: Lifetime validation failed. The token is expired. ValidTo: 'System.DateTime', Current time: 'System.DateTime'.
   at Microsoft.IdentityModel.Tokens.Validators.ValidateLifetime(Nullable`1 notBefore, Nullable`1 expires, SecurityToken securityToken, TokenValidationParameters validationParameters)
   at System.IdentityModel.Tokens.Jwt.JwtSecurityTokenHandler.ValidateLifetime(Nullable`1 notBefore, Nullable`1 expires, JwtSecurityToken jwtToken, TokenValidationParameters validationParameters)
   at System.IdentityModel.Tokens.Jwt.JwtSecurityTokenHandler.ValidateTokenPayload(JwtSecurityToken jwtToken, TokenValidationParameters validationParameters)
   at System.IdentityModel.Tokens.Jwt.JwtSecurityTokenHandler.ValidateToken(String token, TokenValidationParameters validationParameters, SecurityToken& validatedToken)
   at Microsoft.AspNetCore.Authentication.JwtBearer.JwtBearerHandler.HandleAuthenticateAsync()
2023-04-07 16:11:28,173 [96] INFO  Microsoft.AspNetCore.Authentication.JwtBearer.JwtBearerHandler - Bearer was not authenticated. Failure message: IDX10223: Lifetime validation failed. The token is expired. ValidTo: 'System.DateTime', Current time: 'System.DateTime'.
2023-04-07 16:11:28,173 [96] INFO  Microsoft.AspNetCore.Mvc.Infrastructure.ControllerActionInvoker - Route matched with {action = "GetAllData", controller = "Data"}. Executing controller action with signature System.Threading.Tasks.Task`1[Microsoft.AspNetCore.Mvc.ActionResult] GetAllData(Utility.SearchModel) on controller Richborn.Controllers.DataController (Richborn).
2023-04-07 16:11:28,433 [96] INFO  Microsoft.AspNetCore.Mvc.Infrastructure.ObjectResultExecutor - Executing ObjectResult, writing value of type 'Utility.ResponseData`1[[System.String, System.Private.CoreLib, Version=4.0.0.0, Culture=neutral, PublicKeyToken=7cec85d7bea7798e]]'.
2023-04-07 16:11:28,433 [96] INFO  Microsoft.AspNetCore.Mvc.Infrastructure.ControllerActionInvoker - Executed action Richborn.Controllers.DataController.GetAllData (Richborn) in 259.6793ms
2023-04-07 16:11:28,433 [96] INFO  Microsoft.AspNetCore.Hosting.Diagnostics - Request finished in 261.7319ms 200 application/json; charset=utf-8
2023-04-07 16:11:31,231 [96] INFO  Microsoft.AspNetCore.Hosting.Diagnostics - Request starting HTTP/2.0 OPTIONS https://localhost:44376/v1/api/Data/GetAllData  
2023-04-07 16:11:31,231 [96] INFO  Microsoft.AspNetCore.Cors.Infrastructure.CorsService - CORS policy execution successful.
2023-04-07 16:11:31,231 [96] INFO  Microsoft.AspNetCore.Hosting.Diagnostics - Request finished in 0.2873ms 204 
2023-04-07 16:11:31,234 [96] INFO  Microsoft.AspNetCore.Hosting.Diagnostics - Request starting HTTP/2.0 OPTIONS https://localhost:44376/v1/api/Data/GetAllData  
2023-04-07 16:11:31,235 [80] INFO  Microsoft.AspNetCore.Hosting.Diagnostics - Request starting HTTP/2.0 OPTIONS https://localhost:44376/v1/api/Data/GetAllFilterData  
2023-04-07 16:11:31,235 [99] INFO  Microsoft.AspNetCore.Hosting.Diagnostics - Request starting HTTP/2.0 OPTIONS https://localhost:44376/v1/api/Data/GetAllData  
2023-04-07 16:11:31,235 [80] INFO  Microsoft.AspNetCore.Cors.Infrastructure.CorsService - CORS policy execution successful.
2023-04-07 16:11:31,235 [99] INFO  Microsoft.AspNetCore.Cors.Infrastructure.CorsService - CORS policy execution successful.
2023-04-07 16:11:31,235 [96] INFO  Microsoft.AspNetCore.Cors.Infrastructure.CorsService - CORS policy execution successful.
2023-04-07 16:11:31,235 [80] INFO  Microsoft.AspNetCore.Hosting.Diagnostics - Request finished in 0.9164ms 204 
2023-04-07 16:11:31,236 [99] INFO  Microsoft.AspNetCore.Hosting.Diagnostics - Request finished in 0.9355ms 204 
2023-04-07 16:11:31,236 [96] INFO  Microsoft.AspNetCore.Hosting.Diagnostics - Request finished in 1.9622ms 204 
2023-04-07 16:11:31,241 [96] INFO  Microsoft.AspNetCore.Hosting.Diagnostics - Request starting HTTP/2.0 POST https://localhost:44376/v1/api/Data/GetAllData application/json 98
2023-04-07 16:11:31,241 [96] INFO  Microsoft.AspNetCore.Cors.Infrastructure.CorsService - CORS policy execution successful.
2023-04-07 16:11:31,242 [96] INFO  Microsoft.AspNetCore.Authentication.JwtBearer.JwtBearerHandler - Failed to validate the token.
Microsoft.IdentityModel.Tokens.SecurityTokenExpiredException: IDX10223: Lifetime validation failed. The token is expired. ValidTo: 'System.DateTime', Current time: 'System.DateTime'.
   at Microsoft.IdentityModel.Tokens.Validators.ValidateLifetime(Nullable`1 notBefore, Nullable`1 expires, SecurityToken securityToken, TokenValidationParameters validationParameters)
   at System.IdentityModel.Tokens.Jwt.JwtSecurityTokenHandler.ValidateLifetime(Nullable`1 notBefore, Nullable`1 expires, JwtSecurityToken jwtToken, TokenValidationParameters validationParameters)
   at System.IdentityModel.Tokens.Jwt.JwtSecurityTokenHandler.ValidateTokenPayload(JwtSecurityToken jwtToken, TokenValidationParameters validationParameters)
   at System.IdentityModel.Tokens.Jwt.JwtSecurityTokenHandler.ValidateToken(String token, TokenValidationParameters validationParameters, SecurityToken& validatedToken)
   at Microsoft.AspNetCore.Authentication.JwtBearer.JwtBearerHandler.HandleAuthenticateAsync()
2023-04-07 16:11:31,242 [96] INFO  Microsoft.AspNetCore.Authentication.JwtBearer.JwtBearerHandler - Bearer was not authenticated. Failure message: IDX10223: Lifetime validation failed. The token is expired. ValidTo: 'System.DateTime', Current time: 'System.DateTime'.
2023-04-07 16:11:31,243 [96] INFO  Microsoft.AspNetCore.Mvc.Infrastructure.ControllerActionInvoker - Route matched with {action = "GetAllData", controller = "Data"}. Executing controller action with signature System.Threading.Tasks.Task`1[Microsoft.AspNetCore.Mvc.ActionResult] GetAllData(Utility.SearchModel) on controller Richborn.Controllers.DataController (Richborn).
2023-04-07 16:11:31,244 [96] INFO  Microsoft.AspNetCore.Hosting.Diagnostics - Request starting HTTP/2.0 POST https://localhost:44376/v1/api/Data/GetAllFilterData application/json 97
2023-04-07 16:11:31,244 [99] INFO  Microsoft.AspNetCore.Hosting.Diagnostics - Request starting HTTP/2.0 POST https://localhost:44376/v1/api/Data/GetAllData application/json 79
2023-04-07 16:11:31,244 [99] INFO  Microsoft.AspNetCore.Cors.Infrastructure.CorsService - CORS policy execution successful.
2023-04-07 16:11:31,244 [96] INFO  Microsoft.AspNetCore.Cors.Infrastructure.CorsService - CORS policy execution successful.
2023-04-07 16:11:31,245 [99] INFO  Microsoft.AspNetCore.Authentication.JwtBearer.JwtBearerHandler - Failed to validate the token.
Microsoft.IdentityModel.Tokens.SecurityTokenExpiredException: IDX10223: Lifetime validation failed. The token is expired. ValidTo: 'System.DateTime', Current time: 'System.DateTime'.
   at Microsoft.IdentityModel.Tokens.Validators.ValidateLifetime(Nullable`1 notBefore, Nullable`1 expires, SecurityToken securityToken, TokenValidationParameters validationParameters)
   at System.IdentityModel.Tokens.Jwt.JwtSecurityTokenHandler.ValidateLifetime(Nullable`1 notBefore, Nullable`1 expires, JwtSecurityToken jwtToken, TokenValidationParameters validationParameters)
   at System.IdentityModel.Tokens.Jwt.JwtSecurityTokenHandler.ValidateTokenPayload(JwtSecurityToken jwtToken, TokenValidationParameters validationParameters)
   at System.IdentityModel.Tokens.Jwt.JwtSecurityTokenHandler.ValidateToken(String token, TokenValidationParameters validationParameters, SecurityToken& validatedToken)
   at Microsoft.AspNetCore.Authentication.JwtBearer.JwtBearerHandler.HandleAuthenticateAsync()
2023-04-07 16:11:31,245 [96] INFO  Microsoft.AspNetCore.Authentication.JwtBearer.JwtBearerHandler - Failed to validate the token.
Microsoft.IdentityModel.Tokens.SecurityTokenExpiredException: IDX10223: Lifetime validation failed. The token is expired. ValidTo: 'System.DateTime', Current time: 'System.DateTime'.
   at Microsoft.IdentityModel.Tokens.Validators.ValidateLifetime(Nullable`1 notBefore, Nullable`1 expires, SecurityToken securityToken, TokenValidationParameters validationParameters)
   at System.IdentityModel.Tokens.Jwt.JwtSecurityTokenHandler.ValidateLifetime(Nullable`1 notBefore, Nullable`1 expires, JwtSecurityToken jwtToken, TokenValidationParameters validationParameters)
   at System.IdentityModel.Tokens.Jwt.JwtSecurityTokenHandler.ValidateTokenPayload(JwtSecurityToken jwtToken, TokenValidationParameters validationParameters)
   at System.IdentityModel.Tokens.Jwt.JwtSecurityTokenHandler.ValidateToken(String token, TokenValidationParameters validationParameters, SecurityToken& validatedToken)
   at Microsoft.AspNetCore.Authentication.JwtBearer.JwtBearerHandler.HandleAuthenticateAsync()
2023-04-07 16:11:31,245 [99] INFO  Microsoft.AspNetCore.Authentication.JwtBearer.JwtBearerHandler - Bearer was not authenticated. Failure message: IDX10223: Lifetime validation failed. The token is expired. ValidTo: 'System.DateTime', Current time: 'System.DateTime'.
2023-04-07 16:11:31,245 [96] INFO  Microsoft.AspNetCore.Authentication.JwtBearer.JwtBearerHandler - Bearer was not authenticated. Failure message: IDX10223: Lifetime validation failed. The token is expired. ValidTo: 'System.DateTime', Current time: 'System.DateTime'.
2023-04-07 16:11:31,245 [80] INFO  Microsoft.AspNetCore.Hosting.Diagnostics - Request starting HTTP/2.0 POST https://localhost:44376/v1/api/Data/GetAllData application/json 89
2023-04-07 16:11:31,245 [99] INFO  Microsoft.AspNetCore.Mvc.Infrastructure.ControllerActionInvoker - Route matched with {action = "GetAllData", controller = "Data"}. Executing controller action with signature System.Threading.Tasks.Task`1[Microsoft.AspNetCore.Mvc.ActionResult] GetAllData(Utility.SearchModel) on controller Richborn.Controllers.DataController (Richborn).
2023-04-07 16:11:31,245 [96] INFO  Microsoft.AspNetCore.Mvc.Infrastructure.ControllerActionInvoker - Route matched with {action = "GetAllFilterData", controller = "Data"}. Executing controller action with signature System.Threading.Tasks.Task`1[Microsoft.AspNetCore.Mvc.ActionResult] GetAllFilterData(Utility.SearchModel) on controller Richborn.Controllers.DataController (Richborn).
2023-04-07 16:11:31,245 [80] INFO  Microsoft.AspNetCore.Cors.Infrastructure.CorsService - CORS policy execution successful.
2023-04-07 16:11:31,246 [80] INFO  Microsoft.AspNetCore.Authentication.JwtBearer.JwtBearerHandler - Failed to validate the token.
Microsoft.IdentityModel.Tokens.SecurityTokenExpiredException: IDX10223: Lifetime validation failed. The token is expired. ValidTo: 'System.DateTime', Current time: 'System.DateTime'.
   at Microsoft.IdentityModel.Tokens.Validators.ValidateLifetime(Nullable`1 notBefore, Nullable`1 expires, SecurityToken securityToken, TokenValidationParameters validationParameters)
   at System.IdentityModel.Tokens.Jwt.JwtSecurityTokenHandler.ValidateLifetime(Nullable`1 notBefore, Nullable`1 expires, JwtSecurityToken jwtToken, TokenValidationParameters validationParameters)
   at System.IdentityModel.Tokens.Jwt.JwtSecurityTokenHandler.ValidateTokenPayload(JwtSecurityToken jwtToken, TokenValidationParameters validationParameters)
   at System.IdentityModel.Tokens.Jwt.JwtSecurityTokenHandler.ValidateToken(String token, TokenValidationParameters validationParameters, SecurityToken& validatedToken)
   at Microsoft.AspNetCore.Authentication.JwtBearer.JwtBearerHandler.HandleAuthenticateAsync()
2023-04-07 16:11:31,246 [80] INFO  Microsoft.AspNetCore.Authentication.JwtBearer.JwtBearerHandler - Bearer was not authenticated. Failure message: IDX10223: Lifetime validation failed. The token is expired. ValidTo: 'System.DateTime', Current time: 'System.DateTime'.
2023-04-07 16:11:31,246 [80] INFO  Microsoft.AspNetCore.Mvc.Infrastructure.ControllerActionInvoker - Route matched with {action = "GetAllData", controller = "Data"}. Executing controller action with signature System.Threading.Tasks.Task`1[Microsoft.AspNetCore.Mvc.ActionResult] GetAllData(Utility.SearchModel) on controller Richborn.Controllers.DataController (Richborn).
2023-04-07 16:11:31,276 [80] INFO  Microsoft.AspNetCore.Hosting.Diagnostics - Request starting HTTP/2.0 POST https://localhost:44376/v1/api/Data/GetAllData application/json 85
2023-04-07 16:11:31,277 [80] INFO  Microsoft.AspNetCore.Cors.Infrastructure.CorsService - CORS policy execution successful.
2023-04-07 16:11:31,277 [80] INFO  Microsoft.AspNetCore.Authentication.JwtBearer.JwtBearerHandler - Failed to validate the token.
Microsoft.IdentityModel.Tokens.SecurityTokenExpiredException: IDX10223: Lifetime validation failed. The token is expired. ValidTo: 'System.DateTime', Current time: 'System.DateTime'.
   at Microsoft.IdentityModel.Tokens.Validators.ValidateLifetime(Nullable`1 notBefore, Nullable`1 expires, SecurityToken securityToken, TokenValidationParameters validationParameters)
   at System.IdentityModel.Tokens.Jwt.JwtSecurityTokenHandler.ValidateLifetime(Nullable`1 notBefore, Nullable`1 expires, JwtSecurityToken jwtToken, TokenValidationParameters validationParameters)
   at System.IdentityModel.Tokens.Jwt.JwtSecurityTokenHandler.ValidateTokenPayload(JwtSecurityToken jwtToken, TokenValidationParameters validationParameters)
   at System.IdentityModel.Tokens.Jwt.JwtSecurityTokenHandler.ValidateToken(String token, TokenValidationParameters validationParameters, SecurityToken& validatedToken)
   at Microsoft.AspNetCore.Authentication.JwtBearer.JwtBearerHandler.HandleAuthenticateAsync()
2023-04-07 16:11:31,277 [80] INFO  Microsoft.AspNetCore.Authentication.JwtBearer.JwtBearerHandler - Bearer was not authenticated. Failure message: IDX10223: Lifetime validation failed. The token is expired. ValidTo: 'System.DateTime', Current time: 'System.DateTime'.
2023-04-07 16:11:31,277 [80] INFO  Microsoft.AspNetCore.Mvc.Infrastructure.ControllerActionInvoker - Route matched with {action = "GetAllData", controller = "Data"}. Executing controller action with signature System.Threading.Tasks.Task`1[Microsoft.AspNetCore.Mvc.ActionResult] GetAllData(Utility.SearchModel) on controller Richborn.Controllers.DataController (Richborn).
2023-04-07 16:11:31,558 [93] INFO  Microsoft.AspNetCore.Mvc.Infrastructure.ObjectResultExecutor - Executing ObjectResult, writing value of type 'Utility.ResponseData`1[[System.String, System.Private.CoreLib, Version=4.0.0.0, Culture=neutral, PublicKeyToken=7cec85d7bea7798e]]'.
2023-04-07 16:11:31,558 [80] INFO  Microsoft.AspNetCore.Mvc.Infrastructure.ObjectResultExecutor - Executing ObjectResult, writing value of type 'Utility.ResponseData`1[[System.String, System.Private.CoreLib, Version=4.0.0.0, Culture=neutral, PublicKeyToken=7cec85d7bea7798e]]'.
2023-04-07 16:11:31,558 [96] INFO  Microsoft.AspNetCore.Mvc.Infrastructure.ObjectResultExecutor - Executing ObjectResult, writing value of type 'Utility.ResponseData`1[[System.String, System.Private.CoreLib, Version=4.0.0.0, Culture=neutral, PublicKeyToken=7cec85d7bea7798e]]'.
2023-04-07 16:11:31,558 [16] INFO  Microsoft.AspNetCore.Mvc.Infrastructure.ObjectResultExecutor - Executing ObjectResult, writing value of type 'Utility.ResponseData`1[[System.String, System.Private.CoreLib, Version=4.0.0.0, Culture=neutral, PublicKeyToken=7cec85d7bea7798e]]'.
2023-04-07 16:11:31,558 [93] INFO  Microsoft.AspNetCore.Mvc.Infrastructure.ControllerActionInvoker - Executed action Richborn.Controllers.DataController.GetAllData (Richborn) in 280.9463ms
2023-04-07 16:11:31,558 [99] INFO  Microsoft.AspNetCore.Mvc.Infrastructure.ObjectResultExecutor - Executing ObjectResult, writing value of type 'Utility.ResponseData`1[[System.String, System.Private.CoreLib, Version=4.0.0.0, Culture=neutral, PublicKeyToken=7cec85d7bea7798e]]'.
2023-04-07 16:11:31,558 [80] INFO  Microsoft.AspNetCore.Mvc.Infrastructure.ControllerActionInvoker - Executed action Richborn.Controllers.DataController.GetAllData (Richborn) in 311.8087ms
2023-04-07 16:11:31,558 [96] INFO  Microsoft.AspNetCore.Mvc.Infrastructure.ControllerActionInvoker - Executed action Richborn.Controllers.DataController.GetAllFilterData (Richborn) in 312.926ms
2023-04-07 16:11:31,558 [16] INFO  Microsoft.AspNetCore.Mvc.Infrastructure.ControllerActionInvoker - Executed action Richborn.Controllers.DataController.GetAllData (Richborn) in 313.016ms
2023-04-07 16:11:31,558 [96] INFO  Microsoft.AspNetCore.Hosting.Diagnostics - Request finished in 314.4427ms 200 application/json; charset=utf-8
2023-04-07 16:11:31,559 [93] INFO  Microsoft.AspNetCore.Hosting.Diagnostics - Request finished in 282.0832ms 200 application/json; charset=utf-8
2023-04-07 16:11:31,558 [16] INFO  Microsoft.AspNetCore.Hosting.Diagnostics - Request finished in 314.3755ms 200 application/json; charset=utf-8
2023-04-07 16:11:31,558 [80] INFO  Microsoft.AspNetCore.Hosting.Diagnostics - Request finished in 313.4254ms 200 application/json; charset=utf-8
2023-04-07 16:11:31,558 [99] INFO  Microsoft.AspNetCore.Mvc.Infrastructure.ControllerActionInvoker - Executed action Richborn.Controllers.DataController.GetAllData (Richborn) in 315.8272ms
2023-04-07 16:11:31,559 [99] INFO  Microsoft.AspNetCore.Hosting.Diagnostics - Request finished in 318.075ms 200 application/json; charset=utf-8
2023-04-07 16:11:40,154 [91] INFO  Microsoft.AspNetCore.Hosting.Diagnostics - Request starting HTTP/2.0 OPTIONS https://localhost:44376/v1/api/Data/GetAllData  
2023-04-07 16:11:40,154 [91] INFO  Microsoft.AspNetCore.Cors.Infrastructure.CorsService - CORS policy execution successful.
2023-04-07 16:11:40,154 [91] INFO  Microsoft.AspNetCore.Hosting.Diagnostics - Request finished in 0.4312ms 204 
2023-04-07 16:11:40,159 [91] INFO  Microsoft.AspNetCore.Hosting.Diagnostics - Request starting HTTP/2.0 POST https://localhost:44376/v1/api/Data/GetAllData application/json 76
2023-04-07 16:11:40,159 [91] INFO  Microsoft.AspNetCore.Cors.Infrastructure.CorsService - CORS policy execution successful.
2023-04-07 16:11:40,160 [91] INFO  Microsoft.AspNetCore.Authentication.JwtBearer.JwtBearerHandler - Failed to validate the token.
Microsoft.IdentityModel.Tokens.SecurityTokenExpiredException: IDX10223: Lifetime validation failed. The token is expired. ValidTo: 'System.DateTime', Current time: 'System.DateTime'.
   at Microsoft.IdentityModel.Tokens.Validators.ValidateLifetime(Nullable`1 notBefore, Nullable`1 expires, SecurityToken securityToken, TokenValidationParameters validationParameters)
   at System.IdentityModel.Tokens.Jwt.JwtSecurityTokenHandler.ValidateLifetime(Nullable`1 notBefore, Nullable`1 expires, JwtSecurityToken jwtToken, TokenValidationParameters validationParameters)
   at System.IdentityModel.Tokens.Jwt.JwtSecurityTokenHandler.ValidateTokenPayload(JwtSecurityToken jwtToken, TokenValidationParameters validationParameters)
   at System.IdentityModel.Tokens.Jwt.JwtSecurityTokenHandler.ValidateToken(String token, TokenValidationParameters validationParameters, SecurityToken& validatedToken)
   at Microsoft.AspNetCore.Authentication.JwtBearer.JwtBearerHandler.HandleAuthenticateAsync()
2023-04-07 16:11:40,160 [91] INFO  Microsoft.AspNetCore.Authentication.JwtBearer.JwtBearerHandler - Bearer was not authenticated. Failure message: IDX10223: Lifetime validation failed. The token is expired. ValidTo: 'System.DateTime', Current time: 'System.DateTime'.
2023-04-07 16:11:40,160 [91] INFO  Microsoft.AspNetCore.Mvc.Infrastructure.ControllerActionInvoker - Route matched with {action = "GetAllData", controller = "Data"}. Executing controller action with signature System.Threading.Tasks.Task`1[Microsoft.AspNetCore.Mvc.ActionResult] GetAllData(Utility.SearchModel) on controller Richborn.Controllers.DataController (Richborn).
2023-04-07 16:11:40,379 [91] INFO  Microsoft.AspNetCore.Mvc.Infrastructure.ObjectResultExecutor - Executing ObjectResult, writing value of type 'Utility.ResponseData`1[[System.String, System.Private.CoreLib, Version=4.0.0.0, Culture=neutral, PublicKeyToken=7cec85d7bea7798e]]'.
2023-04-07 16:11:40,379 [91] INFO  Microsoft.AspNetCore.Mvc.Infrastructure.ControllerActionInvoker - Executed action Richborn.Controllers.DataController.GetAllData (Richborn) in 218.7626ms
2023-04-07 16:11:40,379 [91] INFO  Microsoft.AspNetCore.Hosting.Diagnostics - Request finished in 219.9833ms 200 application/json; charset=utf-8
2023-04-07 16:11:44,036 [91] INFO  Microsoft.AspNetCore.Hosting.Diagnostics - Request starting HTTP/2.0 POST https://localhost:44376/v1/api/Data/GetAllData application/json 98
2023-04-07 16:11:44,037 [91] INFO  Microsoft.AspNetCore.Cors.Infrastructure.CorsService - CORS policy execution successful.
2023-04-07 16:11:44,037 [91] INFO  Microsoft.AspNetCore.Authentication.JwtBearer.JwtBearerHandler - Failed to validate the token.
Microsoft.IdentityModel.Tokens.SecurityTokenExpiredException: IDX10223: Lifetime validation failed. The token is expired. ValidTo: 'System.DateTime', Current time: 'System.DateTime'.
   at Microsoft.IdentityModel.Tokens.Validators.ValidateLifetime(Nullable`1 notBefore, Nullable`1 expires, SecurityToken securityToken, TokenValidationParameters validationParameters)
   at System.IdentityModel.Tokens.Jwt.JwtSecurityTokenHandler.ValidateLifetime(Nullable`1 notBefore, Nullable`1 expires, JwtSecurityToken jwtToken, TokenValidationParameters validationParameters)
   at System.IdentityModel.Tokens.Jwt.JwtSecurityTokenHandler.ValidateTokenPayload(JwtSecurityToken jwtToken, TokenValidationParameters validationParameters)
   at System.IdentityModel.Tokens.Jwt.JwtSecurityTokenHandler.ValidateToken(String token, TokenValidationParameters validationParameters, SecurityToken& validatedToken)
   at Microsoft.AspNetCore.Authentication.JwtBearer.JwtBearerHandler.HandleAuthenticateAsync()
2023-04-07 16:11:44,038 [91] INFO  Microsoft.AspNetCore.Authentication.JwtBearer.JwtBearerHandler - Bearer was not authenticated. Failure message: IDX10223: Lifetime validation failed. The token is expired. ValidTo: 'System.DateTime', Current time: 'System.DateTime'.
2023-04-07 16:11:44,039 [91] INFO  Microsoft.AspNetCore.Mvc.Infrastructure.ControllerActionInvoker - Route matched with {action = "GetAllData", controller = "Data"}. Executing controller action with signature System.Threading.Tasks.Task`1[Microsoft.AspNetCore.Mvc.ActionResult] GetAllData(Utility.SearchModel) on controller Richborn.Controllers.DataController (Richborn).
2023-04-07 16:11:44,039 [80] INFO  Microsoft.AspNetCore.Hosting.Diagnostics - Request starting HTTP/2.0 POST https://localhost:44376/v1/api/Data/GetAllData application/json 89
2023-04-07 16:11:44,040 [80] INFO  Microsoft.AspNetCore.Cors.Infrastructure.CorsService - CORS policy execution successful.
2023-04-07 16:11:44,041 [99] INFO  Microsoft.AspNetCore.Hosting.Diagnostics - Request starting HTTP/2.0 OPTIONS https://localhost:44376/v1/api/Data/GetAllFilterData  
2023-04-07 16:11:44,041 [80] INFO  Microsoft.AspNetCore.Authentication.JwtBearer.JwtBearerHandler - Failed to validate the token.
Microsoft.IdentityModel.Tokens.SecurityTokenExpiredException: IDX10223: Lifetime validation failed. The token is expired. ValidTo: 'System.DateTime', Current time: 'System.DateTime'.
   at Microsoft.IdentityModel.Tokens.Validators.ValidateLifetime(Nullable`1 notBefore, Nullable`1 expires, SecurityToken securityToken, TokenValidationParameters validationParameters)
   at System.IdentityModel.Tokens.Jwt.JwtSecurityTokenHandler.ValidateLifetime(Nullable`1 notBefore, Nullable`1 expires, JwtSecurityToken jwtToken, TokenValidationParameters validationParameters)
   at System.IdentityModel.Tokens.Jwt.JwtSecurityTokenHandler.ValidateTokenPayload(JwtSecurityToken jwtToken, TokenValidationParameters validationParameters)
   at System.IdentityModel.Tokens.Jwt.JwtSecurityTokenHandler.ValidateToken(String token, TokenValidationParameters validationParameters, SecurityToken& validatedToken)
   at Microsoft.AspNetCore.Authentication.JwtBearer.JwtBearerHandler.HandleAuthenticateAsync()
2023-04-07 16:11:44,041 [99] INFO  Microsoft.AspNetCore.Cors.Infrastructure.CorsService - CORS policy execution successful.
2023-04-07 16:11:44,041 [99] INFO  Microsoft.AspNetCore.Hosting.Diagnostics - Request finished in 0.4586ms 204 
2023-04-07 16:11:44,041 [80] INFO  Microsoft.AspNetCore.Authentication.JwtBearer.JwtBearerHandler - Bearer was not authenticated. Failure message: IDX10223: Lifetime validation failed. The token is expired. ValidTo: 'System.DateTime', Current time: 'System.DateTime'.
2023-04-07 16:11:44,041 [91] INFO  Microsoft.AspNetCore.Hosting.Diagnostics - Request starting HTTP/2.0 POST https://localhost:44376/v1/api/Data/GetAllData application/json 79
2023-04-07 16:11:44,042 [93] INFO  Microsoft.AspNetCore.Hosting.Diagnostics - Request starting HTTP/2.0 POST https://localhost:44376/v1/api/Data/GetAllData application/json 82
2023-04-07 16:11:44,042 [80] INFO  Microsoft.AspNetCore.Mvc.Infrastructure.ControllerActionInvoker - Route matched with {action = "GetAllData", controller = "Data"}. Executing controller action with signature System.Threading.Tasks.Task`1[Microsoft.AspNetCore.Mvc.ActionResult] GetAllData(Utility.SearchModel) on controller Richborn.Controllers.DataController (Richborn).
2023-04-07 16:11:44,042 [91] INFO  Microsoft.AspNetCore.Cors.Infrastructure.CorsService - CORS policy execution successful.
2023-04-07 16:11:44,042 [93] INFO  Microsoft.AspNetCore.Cors.Infrastructure.CorsService - CORS policy execution successful.
2023-04-07 16:11:44,042 [93] INFO  Microsoft.AspNetCore.Authentication.JwtBearer.JwtBearerHandler - Failed to validate the token.
Microsoft.IdentityModel.Tokens.SecurityTokenExpiredException: IDX10223: Lifetime validation failed. The token is expired. ValidTo: 'System.DateTime', Current time: 'System.DateTime'.
   at Microsoft.IdentityModel.Tokens.Validators.ValidateLifetime(Nullable`1 notBefore, Nullable`1 expires, SecurityToken securityToken, TokenValidationParameters validationParameters)
   at System.IdentityModel.Tokens.Jwt.JwtSecurityTokenHandler.ValidateLifetime(Nullable`1 notBefore, Nullable`1 expires, JwtSecurityToken jwtToken, TokenValidationParameters validationParameters)
   at System.IdentityModel.Tokens.Jwt.JwtSecurityTokenHandler.ValidateTokenPayload(JwtSecurityToken jwtToken, TokenValidationParameters validationParameters)
   at System.IdentityModel.Tokens.Jwt.JwtSecurityTokenHandler.ValidateToken(String token, TokenValidationParameters validationParameters, SecurityToken& validatedToken)
   at Microsoft.AspNetCore.Authentication.JwtBearer.JwtBearerHandler.HandleAuthenticateAsync()
2023-04-07 16:11:44,043 [93] INFO  Microsoft.AspNetCore.Authentication.JwtBearer.JwtBearerHandler - Bearer was not authenticated. Failure message: IDX10223: Lifetime validation failed. The token is expired. ValidTo: 'System.DateTime', Current time: 'System.DateTime'.
2023-04-07 16:11:44,043 [93] INFO  Microsoft.AspNetCore.Mvc.Infrastructure.ControllerActionInvoker - Route matched with {action = "GetAllData", controller = "Data"}. Executing controller action with signature System.Threading.Tasks.Task`1[Microsoft.AspNetCore.Mvc.ActionResult] GetAllData(Utility.SearchModel) on controller Richborn.Controllers.DataController (Richborn).
2023-04-07 16:11:44,043 [91] INFO  Microsoft.AspNetCore.Authentication.JwtBearer.JwtBearerHandler - Failed to validate the token.
Microsoft.IdentityModel.Tokens.SecurityTokenExpiredException: IDX10223: Lifetime validation failed. The token is expired. ValidTo: 'System.DateTime', Current time: 'System.DateTime'.
   at Microsoft.IdentityModel.Tokens.Validators.ValidateLifetime(Nullable`1 notBefore, Nullable`1 expires, SecurityToken securityToken, TokenValidationParameters validationParameters)
   at System.IdentityModel.Tokens.Jwt.JwtSecurityTokenHandler.ValidateLifetime(Nullable`1 notBefore, Nullable`1 expires, JwtSecurityToken jwtToken, TokenValidationParameters validationParameters)
   at System.IdentityModel.Tokens.Jwt.JwtSecurityTokenHandler.ValidateTokenPayload(JwtSecurityToken jwtToken, TokenValidationParameters validationParameters)
   at System.IdentityModel.Tokens.Jwt.JwtSecurityTokenHandler.ValidateToken(String token, TokenValidationParameters validationParameters, SecurityToken& validatedToken)
   at Microsoft.AspNetCore.Authentication.JwtBearer.JwtBearerHandler.HandleAuthenticateAsync()
2023-04-07 16:11:44,044 [91] INFO  Microsoft.AspNetCore.Authentication.JwtBearer.JwtBearerHandler - Bearer was not authenticated. Failure message: IDX10223: Lifetime validation failed. The token is expired. ValidTo: 'System.DateTime', Current time: 'System.DateTime'.
2023-04-07 16:11:44,044 [91] INFO  Microsoft.AspNetCore.Mvc.Infrastructure.ControllerActionInvoker - Route matched with {action = "GetAllData", controller = "Data"}. Executing controller action with signature System.Threading.Tasks.Task`1[Microsoft.AspNetCore.Mvc.ActionResult] GetAllData(Utility.SearchModel) on controller Richborn.Controllers.DataController (Richborn).
2023-04-07 16:11:44,047 [91] INFO  Microsoft.AspNetCore.Hosting.Diagnostics - Request starting HTTP/2.0 POST https://localhost:44376/v1/api/Data/GetAllFilterData application/json 97
2023-04-07 16:11:44,047 [91] INFO  Microsoft.AspNetCore.Cors.Infrastructure.CorsService - CORS policy execution successful.
2023-04-07 16:11:44,048 [91] INFO  Microsoft.AspNetCore.Authentication.JwtBearer.JwtBearerHandler - Failed to validate the token.
Microsoft.IdentityModel.Tokens.SecurityTokenExpiredException: IDX10223: Lifetime validation failed. The token is expired. ValidTo: 'System.DateTime', Current time: 'System.DateTime'.
   at Microsoft.IdentityModel.Tokens.Validators.ValidateLifetime(Nullable`1 notBefore, Nullable`1 expires, SecurityToken securityToken, TokenValidationParameters validationParameters)
   at System.IdentityModel.Tokens.Jwt.JwtSecurityTokenHandler.ValidateLifetime(Nullable`1 notBefore, Nullable`1 expires, JwtSecurityToken jwtToken, TokenValidationParameters validationParameters)
   at System.IdentityModel.Tokens.Jwt.JwtSecurityTokenHandler.ValidateTokenPayload(JwtSecurityToken jwtToken, TokenValidationParameters validationParameters)
   at System.IdentityModel.Tokens.Jwt.JwtSecurityTokenHandler.ValidateToken(String token, TokenValidationParameters validationParameters, SecurityToken& validatedToken)
   at Microsoft.AspNetCore.Authentication.JwtBearer.JwtBearerHandler.HandleAuthenticateAsync()
2023-04-07 16:11:44,048 [91] INFO  Microsoft.AspNetCore.Authentication.JwtBearer.JwtBearerHandler - Bearer was not authenticated. Failure message: IDX10223: Lifetime validation failed. The token is expired. ValidTo: 'System.DateTime', Current time: 'System.DateTime'.
2023-04-07 16:11:44,049 [91] INFO  Microsoft.AspNetCore.Mvc.Infrastructure.ControllerActionInvoker - Route matched with {action = "GetAllFilterData", controller = "Data"}. Executing controller action with signature System.Threading.Tasks.Task`1[Microsoft.AspNetCore.Mvc.ActionResult] GetAllFilterData(Utility.SearchModel) on controller Richborn.Controllers.DataController (Richborn).
2023-04-07 16:11:44,338 [93] INFO  Microsoft.AspNetCore.Mvc.Infrastructure.ObjectResultExecutor - Executing ObjectResult, writing value of type 'Utility.ResponseData`1[[System.String, System.Private.CoreLib, Version=4.0.0.0, Culture=neutral, PublicKeyToken=7cec85d7bea7798e]]'.
2023-04-07 16:11:44,338 [96] INFO  Microsoft.AspNetCore.Mvc.Infrastructure.ObjectResultExecutor - Executing ObjectResult, writing value of type 'Utility.ResponseData`1[[System.String, System.Private.CoreLib, Version=4.0.0.0, Culture=neutral, PublicKeyToken=7cec85d7bea7798e]]'.
2023-04-07 16:11:44,338 [80] INFO  Microsoft.AspNetCore.Mvc.Infrastructure.ObjectResultExecutor - Executing ObjectResult, writing value of type 'Utility.ResponseData`1[[System.String, System.Private.CoreLib, Version=4.0.0.0, Culture=neutral, PublicKeyToken=7cec85d7bea7798e]]'.
2023-04-07 16:11:44,338 [99] INFO  Microsoft.AspNetCore.Mvc.Infrastructure.ObjectResultExecutor - Executing ObjectResult, writing value of type 'Utility.ResponseData`1[[System.String, System.Private.CoreLib, Version=4.0.0.0, Culture=neutral, PublicKeyToken=7cec85d7bea7798e]]'.
2023-04-07 16:11:44,339 [93] INFO  Microsoft.AspNetCore.Mvc.Infrastructure.ControllerActionInvoker - Executed action Richborn.Controllers.DataController.GetAllData (Richborn) in 296.9594ms
2023-04-07 16:11:44,338 [91] INFO  Microsoft.AspNetCore.Mvc.Infrastructure.ObjectResultExecutor - Executing ObjectResult, writing value of type 'Utility.ResponseData`1[[System.String, System.Private.CoreLib, Version=4.0.0.0, Culture=neutral, PublicKeyToken=7cec85d7bea7798e]]'.
2023-04-07 16:11:44,339 [99] INFO  Microsoft.AspNetCore.Mvc.Infrastructure.ControllerActionInvoker - Executed action Richborn.Controllers.DataController.GetAllData (Richborn) in 295.9759ms
2023-04-07 16:11:44,339 [80] INFO  Microsoft.AspNetCore.Mvc.Infrastructure.ControllerActionInvoker - Executed action Richborn.Controllers.DataController.GetAllFilterData (Richborn) in 289.9365ms
2023-04-07 16:11:44,339 [96] INFO  Microsoft.AspNetCore.Mvc.Infrastructure.ControllerActionInvoker - Executed action Richborn.Controllers.DataController.GetAllData (Richborn) in 294.514ms
2023-04-07 16:11:44,339 [99] INFO  Microsoft.AspNetCore.Hosting.Diagnostics - Request finished in 297.2702ms 200 application/json; charset=utf-8
2023-04-07 16:11:44,339 [93] INFO  Microsoft.AspNetCore.Hosting.Diagnostics - Request finished in 299.4919ms 200 application/json; charset=utf-8
2023-04-07 16:11:44,339 [80] INFO  Microsoft.AspNetCore.Hosting.Diagnostics - Request finished in 291.999ms 200 application/json; charset=utf-8
2023-04-07 16:11:44,339 [96] INFO  Microsoft.AspNetCore.Hosting.Diagnostics - Request finished in 297.4272ms 200 application/json; charset=utf-8
2023-04-07 16:11:44,339 [91] INFO  Microsoft.AspNetCore.Mvc.Infrastructure.ControllerActionInvoker - Executed action Richborn.Controllers.DataController.GetAllData (Richborn) in 299.6115ms
2023-04-07 16:11:44,340 [91] INFO  Microsoft.AspNetCore.Hosting.Diagnostics - Request finished in 303.3555ms 200 application/json; charset=utf-8
2023-04-07 16:11:44,879 [91] INFO  Microsoft.AspNetCore.Hosting.Diagnostics - Request starting HTTP/2.0 POST https://localhost:44376/v1/api/Data/GetAllData application/json 85
2023-04-07 16:11:44,879 [92] INFO  Microsoft.AspNetCore.Hosting.Diagnostics - Request starting HTTP/2.0 POST https://localhost:44376/v1/api/Data/GetAllFilterData application/json 111
2023-04-07 16:11:44,879 [91] INFO  Microsoft.AspNetCore.Cors.Infrastructure.CorsService - CORS policy execution successful.
2023-04-07 16:11:44,879 [92] INFO  Microsoft.AspNetCore.Cors.Infrastructure.CorsService - CORS policy execution successful.
2023-04-07 16:11:44,879 [91] INFO  Microsoft.AspNetCore.Authentication.JwtBearer.JwtBearerHandler - Failed to validate the token.
Microsoft.IdentityModel.Tokens.SecurityTokenExpiredException: IDX10223: Lifetime validation failed. The token is expired. ValidTo: 'System.DateTime', Current time: 'System.DateTime'.
   at Microsoft.IdentityModel.Tokens.Validators.ValidateLifetime(Nullable`1 notBefore, Nullable`1 expires, SecurityToken securityToken, TokenValidationParameters validationParameters)
   at System.IdentityModel.Tokens.Jwt.JwtSecurityTokenHandler.ValidateLifetime(Nullable`1 notBefore, Nullable`1 expires, JwtSecurityToken jwtToken, TokenValidationParameters validationParameters)
   at System.IdentityModel.Tokens.Jwt.JwtSecurityTokenHandler.ValidateTokenPayload(JwtSecurityToken jwtToken, TokenValidationParameters validationParameters)
   at System.IdentityModel.Tokens.Jwt.JwtSecurityTokenHandler.ValidateToken(String token, TokenValidationParameters validationParameters, SecurityToken& validatedToken)
   at Microsoft.AspNetCore.Authentication.JwtBearer.JwtBearerHandler.HandleAuthenticateAsync()
2023-04-07 16:11:44,879 [92] INFO  Microsoft.AspNetCore.Authentication.JwtBearer.JwtBearerHandler - Failed to validate the token.
Microsoft.IdentityModel.Tokens.SecurityTokenExpiredException: IDX10223: Lifetime validation failed. The token is expired. ValidTo: 'System.DateTime', Current time: 'System.DateTime'.
   at Microsoft.IdentityModel.Tokens.Validators.ValidateLifetime(Nullable`1 notBefore, Nullable`1 expires, SecurityToken securityToken, TokenValidationParameters validationParameters)
   at System.IdentityModel.Tokens.Jwt.JwtSecurityTokenHandler.ValidateLifetime(Nullable`1 notBefore, Nullable`1 expires, JwtSecurityToken jwtToken, TokenValidationParameters validationParameters)
   at System.IdentityModel.Tokens.Jwt.JwtSecurityTokenHandler.ValidateTokenPayload(JwtSecurityToken jwtToken, TokenValidationParameters validationParameters)
   at System.IdentityModel.Tokens.Jwt.JwtSecurityTokenHandler.ValidateToken(String token, TokenValidationParameters validationParameters, SecurityToken& validatedToken)
   at Microsoft.AspNetCore.Authentication.JwtBearer.JwtBearerHandler.HandleAuthenticateAsync()
2023-04-07 16:11:44,879 [91] INFO  Microsoft.AspNetCore.Authentication.JwtBearer.JwtBearerHandler - Bearer was not authenticated. Failure message: IDX10223: Lifetime validation failed. The token is expired. ValidTo: 'System.DateTime', Current time: 'System.DateTime'.
2023-04-07 16:11:44,880 [92] INFO  Microsoft.AspNetCore.Authentication.JwtBearer.JwtBearerHandler - Bearer was not authenticated. Failure message: IDX10223: Lifetime validation failed. The token is expired. ValidTo: 'System.DateTime', Current time: 'System.DateTime'.
2023-04-07 16:11:44,880 [91] INFO  Microsoft.AspNetCore.Mvc.Infrastructure.ControllerActionInvoker - Route matched with {action = "GetAllData", controller = "Data"}. Executing controller action with signature System.Threading.Tasks.Task`1[Microsoft.AspNetCore.Mvc.ActionResult] GetAllData(Utility.SearchModel) on controller Richborn.Controllers.DataController (Richborn).
2023-04-07 16:11:44,880 [92] INFO  Microsoft.AspNetCore.Mvc.Infrastructure.ControllerActionInvoker - Route matched with {action = "GetAllFilterData", controller = "Data"}. Executing controller action with signature System.Threading.Tasks.Task`1[Microsoft.AspNetCore.Mvc.ActionResult] GetAllFilterData(Utility.SearchModel) on controller Richborn.Controllers.DataController (Richborn).
2023-04-07 16:11:45,058 [92] INFO  Microsoft.AspNetCore.Mvc.Infrastructure.ObjectResultExecutor - Executing ObjectResult, writing value of type 'Utility.ResponseData`1[[System.String, System.Private.CoreLib, Version=4.0.0.0, Culture=neutral, PublicKeyToken=7cec85d7bea7798e]]'.
2023-04-07 16:11:45,058 [91] INFO  Microsoft.AspNetCore.Mvc.Infrastructure.ObjectResultExecutor - Executing ObjectResult, writing value of type 'Utility.ResponseData`1[[System.String, System.Private.CoreLib, Version=4.0.0.0, Culture=neutral, PublicKeyToken=7cec85d7bea7798e]]'.
2023-04-07 16:11:45,059 [91] INFO  Microsoft.AspNetCore.Mvc.Infrastructure.ControllerActionInvoker - Executed action Richborn.Controllers.DataController.GetAllData (Richborn) in 178.9483ms
2023-04-07 16:11:45,059 [92] INFO  Microsoft.AspNetCore.Mvc.Infrastructure.ControllerActionInvoker - Executed action Richborn.Controllers.DataController.GetAllFilterData (Richborn) in 178.8943ms
2023-04-07 16:11:45,059 [91] INFO  Microsoft.AspNetCore.Hosting.Diagnostics - Request finished in 180.0362ms 200 application/json; charset=utf-8
2023-04-07 16:11:45,059 [92] INFO  Microsoft.AspNetCore.Hosting.Diagnostics - Request finished in 180.1029ms 200 application/json; charset=utf-8
2023-04-07 16:11:49,931 [96] INFO  Microsoft.AspNetCore.Hosting.Diagnostics - Request starting HTTP/2.0 OPTIONS https://localhost:44376/v1/api/Data/GetAllData  
2023-04-07 16:11:49,931 [96] INFO  Microsoft.AspNetCore.Cors.Infrastructure.CorsService - CORS policy execution successful.
2023-04-07 16:11:49,932 [96] INFO  Microsoft.AspNetCore.Hosting.Diagnostics - Request finished in 0.5386ms 204 
2023-04-07 16:11:49,939 [96] INFO  Microsoft.AspNetCore.Hosting.Diagnostics - Request starting HTTP/2.0 POST https://localhost:44376/v1/api/Data/GetAllData application/json 76
2023-04-07 16:11:49,940 [96] INFO  Microsoft.AspNetCore.Cors.Infrastructure.CorsService - CORS policy execution successful.
2023-04-07 16:11:49,941 [96] INFO  Microsoft.AspNetCore.Authentication.JwtBearer.JwtBearerHandler - Failed to validate the token.
Microsoft.IdentityModel.Tokens.SecurityTokenExpiredException: IDX10223: Lifetime validation failed. The token is expired. ValidTo: 'System.DateTime', Current time: 'System.DateTime'.
   at Microsoft.IdentityModel.Tokens.Validators.ValidateLifetime(Nullable`1 notBefore, Nullable`1 expires, SecurityToken securityToken, TokenValidationParameters validationParameters)
   at System.IdentityModel.Tokens.Jwt.JwtSecurityTokenHandler.ValidateLifetime(Nullable`1 notBefore, Nullable`1 expires, JwtSecurityToken jwtToken, TokenValidationParameters validationParameters)
   at System.IdentityModel.Tokens.Jwt.JwtSecurityTokenHandler.ValidateTokenPayload(JwtSecurityToken jwtToken, TokenValidationParameters validationParameters)
   at System.IdentityModel.Tokens.Jwt.JwtSecurityTokenHandler.ValidateToken(String token, TokenValidationParameters validationParameters, SecurityToken& validatedToken)
   at Microsoft.AspNetCore.Authentication.JwtBearer.JwtBearerHandler.HandleAuthenticateAsync()
2023-04-07 16:11:49,941 [96] INFO  Microsoft.AspNetCore.Authentication.JwtBearer.JwtBearerHandler - Bearer was not authenticated. Failure message: IDX10223: Lifetime validation failed. The token is expired. ValidTo: 'System.DateTime', Current time: 'System.DateTime'.
2023-04-07 16:11:49,942 [96] INFO  Microsoft.AspNetCore.Mvc.Infrastructure.ControllerActionInvoker - Route matched with {action = "GetAllData", controller = "Data"}. Executing controller action with signature System.Threading.Tasks.Task`1[Microsoft.AspNetCore.Mvc.ActionResult] GetAllData(Utility.SearchModel) on controller Richborn.Controllers.DataController (Richborn).
2023-04-07 16:11:50,097 [96] INFO  Microsoft.AspNetCore.Mvc.Infrastructure.ObjectResultExecutor - Executing ObjectResult, writing value of type 'Utility.ResponseData`1[[System.String, System.Private.CoreLib, Version=4.0.0.0, Culture=neutral, PublicKeyToken=7cec85d7bea7798e]]'.
2023-04-07 16:11:50,097 [96] INFO  Microsoft.AspNetCore.Mvc.Infrastructure.ControllerActionInvoker - Executed action Richborn.Controllers.DataController.GetAllData (Richborn) in 155.4565ms
2023-04-07 16:11:50,097 [96] INFO  Microsoft.AspNetCore.Hosting.Diagnostics - Request finished in 158.2368ms 200 application/json; charset=utf-8
2023-04-07 16:11:54,436 [99] INFO  Microsoft.AspNetCore.Hosting.Diagnostics - Request starting HTTP/2.0 POST https://localhost:44376/v1/api/Data/GetAllData application/json 74
2023-04-07 16:11:54,436 [99] INFO  Microsoft.AspNetCore.Cors.Infrastructure.CorsService - CORS policy execution successful.
2023-04-07 16:11:54,436 [99] INFO  Microsoft.AspNetCore.Authentication.JwtBearer.JwtBearerHandler - Failed to validate the token.
Microsoft.IdentityModel.Tokens.SecurityTokenExpiredException: IDX10223: Lifetime validation failed. The token is expired. ValidTo: 'System.DateTime', Current time: 'System.DateTime'.
   at Microsoft.IdentityModel.Tokens.Validators.ValidateLifetime(Nullable`1 notBefore, Nullable`1 expires, SecurityToken securityToken, TokenValidationParameters validationParameters)
   at System.IdentityModel.Tokens.Jwt.JwtSecurityTokenHandler.ValidateLifetime(Nullable`1 notBefore, Nullable`1 expires, JwtSecurityToken jwtToken, TokenValidationParameters validationParameters)
   at System.IdentityModel.Tokens.Jwt.JwtSecurityTokenHandler.ValidateTokenPayload(JwtSecurityToken jwtToken, TokenValidationParameters validationParameters)
   at System.IdentityModel.Tokens.Jwt.JwtSecurityTokenHandler.ValidateToken(String token, TokenValidationParameters validationParameters, SecurityToken& validatedToken)
   at Microsoft.AspNetCore.Authentication.JwtBearer.JwtBearerHandler.HandleAuthenticateAsync()
2023-04-07 16:11:54,436 [99] INFO  Microsoft.AspNetCore.Authentication.JwtBearer.JwtBearerHandler - Bearer was not authenticated. Failure message: IDX10223: Lifetime validation failed. The token is expired. ValidTo: 'System.DateTime', Current time: 'System.DateTime'.
2023-04-07 16:11:54,436 [99] INFO  Microsoft.AspNetCore.Mvc.Infrastructure.ControllerActionInvoker - Route matched with {action = "GetAllData", controller = "Data"}. Executing controller action with signature System.Threading.Tasks.Task`1[Microsoft.AspNetCore.Mvc.ActionResult] GetAllData(Utility.SearchModel) on controller Richborn.Controllers.DataController (Richborn).
2023-04-07 16:11:54,598 [99] INFO  Microsoft.AspNetCore.Mvc.Infrastructure.ObjectResultExecutor - Executing ObjectResult, writing value of type 'Utility.ResponseData`1[[System.String, System.Private.CoreLib, Version=4.0.0.0, Culture=neutral, PublicKeyToken=7cec85d7bea7798e]]'.
2023-04-07 16:11:54,598 [99] INFO  Microsoft.AspNetCore.Mvc.Infrastructure.ControllerActionInvoker - Executed action Richborn.Controllers.DataController.GetAllData (Richborn) in 161.3351ms
2023-04-07 16:11:54,598 [99] INFO  Microsoft.AspNetCore.Hosting.Diagnostics - Request finished in 162.366ms 200 application/json; charset=utf-8
2023-04-07 16:11:57,886 [93] INFO  Microsoft.AspNetCore.Hosting.Diagnostics - Request starting HTTP/2.0 OPTIONS https://localhost:44376/v1/api/Data/GetAllData  
2023-04-07 16:11:57,887 [93] INFO  Microsoft.AspNetCore.Cors.Infrastructure.CorsService - CORS policy execution successful.
2023-04-07 16:11:57,887 [93] INFO  Microsoft.AspNetCore.Hosting.Diagnostics - Request finished in 0.5679ms 204 
2023-04-07 16:11:57,888 [93] INFO  Microsoft.AspNetCore.Hosting.Diagnostics - Request starting HTTP/2.0 OPTIONS https://localhost:44376/v1/api/Data/GetAllData  
2023-04-07 16:11:57,888 [93] INFO  Microsoft.AspNetCore.Cors.Infrastructure.CorsService - CORS policy execution successful.
2023-04-07 16:11:57,888 [93] INFO  Microsoft.AspNetCore.Hosting.Diagnostics - Request finished in 0.3985ms 204 
2023-04-07 16:11:57,889 [93] INFO  Microsoft.AspNetCore.Hosting.Diagnostics - Request starting HTTP/2.0 OPTIONS https://localhost:44376/v1/api/Data/GetAllFilterData  
2023-04-07 16:11:57,889 [93] INFO  Microsoft.AspNetCore.Cors.Infrastructure.CorsService - CORS policy execution successful.
2023-04-07 16:11:57,890 [93] INFO  Microsoft.AspNetCore.Hosting.Diagnostics - Request finished in 0.4206ms 204 
2023-04-07 16:11:57,892 [93] INFO  Microsoft.AspNetCore.Hosting.Diagnostics - Request starting HTTP/2.0 OPTIONS https://localhost:44376/v1/api/Data/GetAllData  
2023-04-07 16:11:57,892 [93] INFO  Microsoft.AspNetCore.Cors.Infrastructure.CorsService - CORS policy execution successful.
2023-04-07 16:11:57,893 [93] INFO  Microsoft.AspNetCore.Hosting.Diagnostics - Request finished in 1.0341ms 204 
2023-04-07 16:11:57,893 [93] INFO  Microsoft.AspNetCore.Hosting.Diagnostics - Request starting HTTP/2.0 POST https://localhost:44376/v1/api/Data/GetAllData application/json 93
2023-04-07 16:11:57,894 [91] INFO  Microsoft.AspNetCore.Hosting.Diagnostics - Request starting HTTP/2.0 POST https://localhost:44376/v1/api/Data/GetAllData application/json 89
2023-04-07 16:11:57,894 [91] INFO  Microsoft.AspNetCore.Cors.Infrastructure.CorsService - CORS policy execution successful.
2023-04-07 16:11:57,894 [93] INFO  Microsoft.AspNetCore.Cors.Infrastructure.CorsService - CORS policy execution successful.
2023-04-07 16:11:57,894 [93] INFO  Microsoft.AspNetCore.Authentication.JwtBearer.JwtBearerHandler - Failed to validate the token.
Microsoft.IdentityModel.Tokens.SecurityTokenExpiredException: IDX10223: Lifetime validation failed. The token is expired. ValidTo: 'System.DateTime', Current time: 'System.DateTime'.
   at Microsoft.IdentityModel.Tokens.Validators.ValidateLifetime(Nullable`1 notBefore, Nullable`1 expires, SecurityToken securityToken, TokenValidationParameters validationParameters)
   at System.IdentityModel.Tokens.Jwt.JwtSecurityTokenHandler.ValidateLifetime(Nullable`1 notBefore, Nullable`1 expires, JwtSecurityToken jwtToken, TokenValidationParameters validationParameters)
   at System.IdentityModel.Tokens.Jwt.JwtSecurityTokenHandler.ValidateTokenPayload(JwtSecurityToken jwtToken, TokenValidationParameters validationParameters)
   at System.IdentityModel.Tokens.Jwt.JwtSecurityTokenHandler.ValidateToken(String token, TokenValidationParameters validationParameters, SecurityToken& validatedToken)
   at Microsoft.AspNetCore.Authentication.JwtBearer.JwtBearerHandler.HandleAuthenticateAsync()
2023-04-07 16:11:57,894 [91] INFO  Microsoft.AspNetCore.Authentication.JwtBearer.JwtBearerHandler - Failed to validate the token.
Microsoft.IdentityModel.Tokens.SecurityTokenExpiredException: IDX10223: Lifetime validation failed. The token is expired. ValidTo: 'System.DateTime', Current time: 'System.DateTime'.
   at Microsoft.IdentityModel.Tokens.Validators.ValidateLifetime(Nullable`1 notBefore, Nullable`1 expires, SecurityToken securityToken, TokenValidationParameters validationParameters)
   at System.IdentityModel.Tokens.Jwt.JwtSecurityTokenHandler.ValidateLifetime(Nullable`1 notBefore, Nullable`1 expires, JwtSecurityToken jwtToken, TokenValidationParameters validationParameters)
   at System.IdentityModel.Tokens.Jwt.JwtSecurityTokenHandler.ValidateTokenPayload(JwtSecurityToken jwtToken, TokenValidationParameters validationParameters)
   at System.IdentityModel.Tokens.Jwt.JwtSecurityTokenHandler.ValidateToken(String token, TokenValidationParameters validationParameters, SecurityToken& validatedToken)
   at Microsoft.AspNetCore.Authentication.JwtBearer.JwtBearerHandler.HandleAuthenticateAsync()
2023-04-07 16:11:57,895 [93] INFO  Microsoft.AspNetCore.Authentication.JwtBearer.JwtBearerHandler - Bearer was not authenticated. Failure message: IDX10223: Lifetime validation failed. The token is expired. ValidTo: 'System.DateTime', Current time: 'System.DateTime'.
2023-04-07 16:11:57,895 [91] INFO  Microsoft.AspNetCore.Authentication.JwtBearer.JwtBearerHandler - Bearer was not authenticated. Failure message: IDX10223: Lifetime validation failed. The token is expired. ValidTo: 'System.DateTime', Current time: 'System.DateTime'.
2023-04-07 16:11:57,895 [93] INFO  Microsoft.AspNetCore.Mvc.Infrastructure.ControllerActionInvoker - Route matched with {action = "GetAllData", controller = "Data"}. Executing controller action with signature System.Threading.Tasks.Task`1[Microsoft.AspNetCore.Mvc.ActionResult] GetAllData(Utility.SearchModel) on controller Richborn.Controllers.DataController (Richborn).
2023-04-07 16:11:57,895 [91] INFO  Microsoft.AspNetCore.Mvc.Infrastructure.ControllerActionInvoker - Route matched with {action = "GetAllData", controller = "Data"}. Executing controller action with signature System.Threading.Tasks.Task`1[Microsoft.AspNetCore.Mvc.ActionResult] GetAllData(Utility.SearchModel) on controller Richborn.Controllers.DataController (Richborn).
2023-04-07 16:11:57,895 [93] INFO  Microsoft.AspNetCore.Hosting.Diagnostics - Request starting HTTP/2.0 POST https://localhost:44376/v1/api/Data/GetAllFilterData application/json 101
2023-04-07 16:11:57,896 [93] INFO  Microsoft.AspNetCore.Cors.Infrastructure.CorsService - CORS policy execution successful.
2023-04-07 16:11:57,896 [93] INFO  Microsoft.AspNetCore.Authentication.JwtBearer.JwtBearerHandler - Failed to validate the token.
Microsoft.IdentityModel.Tokens.SecurityTokenExpiredException: IDX10223: Lifetime validation failed. The token is expired. ValidTo: 'System.DateTime', Current time: 'System.DateTime'.
   at Microsoft.IdentityModel.Tokens.Validators.ValidateLifetime(Nullable`1 notBefore, Nullable`1 expires, SecurityToken securityToken, TokenValidationParameters validationParameters)
   at System.IdentityModel.Tokens.Jwt.JwtSecurityTokenHandler.ValidateLifetime(Nullable`1 notBefore, Nullable`1 expires, JwtSecurityToken jwtToken, TokenValidationParameters validationParameters)
   at System.IdentityModel.Tokens.Jwt.JwtSecurityTokenHandler.ValidateTokenPayload(JwtSecurityToken jwtToken, TokenValidationParameters validationParameters)
   at System.IdentityModel.Tokens.Jwt.JwtSecurityTokenHandler.ValidateToken(String token, TokenValidationParameters validationParameters, SecurityToken& validatedToken)
   at Microsoft.AspNetCore.Authentication.JwtBearer.JwtBearerHandler.HandleAuthenticateAsync()
2023-04-07 16:11:57,896 [93] INFO  Microsoft.AspNetCore.Authentication.JwtBearer.JwtBearerHandler - Bearer was not authenticated. Failure message: IDX10223: Lifetime validation failed. The token is expired. ValidTo: 'System.DateTime', Current time: 'System.DateTime'.
2023-04-07 16:11:57,897 [93] INFO  Microsoft.AspNetCore.Mvc.Infrastructure.ControllerActionInvoker - Route matched with {action = "GetAllFilterData", controller = "Data"}. Executing controller action with signature System.Threading.Tasks.Task`1[Microsoft.AspNetCore.Mvc.ActionResult] GetAllFilterData(Utility.SearchModel) on controller Richborn.Controllers.DataController (Richborn).
2023-04-07 16:11:57,898 [93] INFO  Microsoft.AspNetCore.Hosting.Diagnostics - Request starting HTTP/2.0 POST https://localhost:44376/v1/api/Data/GetAllData application/json 79
2023-04-07 16:11:57,899 [93] INFO  Microsoft.AspNetCore.Cors.Infrastructure.CorsService - CORS policy execution successful.
2023-04-07 16:11:57,899 [93] INFO  Microsoft.AspNetCore.Authentication.JwtBearer.JwtBearerHandler - Failed to validate the token.
Microsoft.IdentityModel.Tokens.SecurityTokenExpiredException: IDX10223: Lifetime validation failed. The token is expired. ValidTo: 'System.DateTime', Current time: 'System.DateTime'.
   at Microsoft.IdentityModel.Tokens.Validators.ValidateLifetime(Nullable`1 notBefore, Nullable`1 expires, SecurityToken securityToken, TokenValidationParameters validationParameters)
   at System.IdentityModel.Tokens.Jwt.JwtSecurityTokenHandler.ValidateLifetime(Nullable`1 notBefore, Nullable`1 expires, JwtSecurityToken jwtToken, TokenValidationParameters validationParameters)
   at System.IdentityModel.Tokens.Jwt.JwtSecurityTokenHandler.ValidateTokenPayload(JwtSecurityToken jwtToken, TokenValidationParameters validationParameters)
   at System.IdentityModel.Tokens.Jwt.JwtSecurityTokenHandler.ValidateToken(String token, TokenValidationParameters validationParameters, SecurityToken& validatedToken)
   at Microsoft.AspNetCore.Authentication.JwtBearer.JwtBearerHandler.HandleAuthenticateAsync()
2023-04-07 16:11:57,899 [93] INFO  Microsoft.AspNetCore.Authentication.JwtBearer.JwtBearerHandler - Bearer was not authenticated. Failure message: IDX10223: Lifetime validation failed. The token is expired. ValidTo: 'System.DateTime', Current time: 'System.DateTime'.
2023-04-07 16:11:57,899 [93] INFO  Microsoft.AspNetCore.Mvc.Infrastructure.ControllerActionInvoker - Route matched with {action = "GetAllData", controller = "Data"}. Executing controller action with signature System.Threading.Tasks.Task`1[Microsoft.AspNetCore.Mvc.ActionResult] GetAllData(Utility.SearchModel) on controller Richborn.Controllers.DataController (Richborn).
2023-04-07 16:11:58,177 [91] INFO  Microsoft.AspNetCore.Mvc.Infrastructure.ObjectResultExecutor - Executing ObjectResult, writing value of type 'Utility.ResponseData`1[[System.String, System.Private.CoreLib, Version=4.0.0.0, Culture=neutral, PublicKeyToken=7cec85d7bea7798e]]'.
2023-04-07 16:11:58,177 [16] INFO  Microsoft.AspNetCore.Mvc.Infrastructure.ObjectResultExecutor - Executing ObjectResult, writing value of type 'Utility.ResponseData`1[[System.String, System.Private.CoreLib, Version=4.0.0.0, Culture=neutral, PublicKeyToken=7cec85d7bea7798e]]'.
2023-04-07 16:11:58,177 [24] INFO  Microsoft.AspNetCore.Mvc.Infrastructure.ObjectResultExecutor - Executing ObjectResult, writing value of type 'Utility.ResponseData`1[[System.String, System.Private.CoreLib, Version=4.0.0.0, Culture=neutral, PublicKeyToken=7cec85d7bea7798e]]'.
2023-04-07 16:11:58,177 [96] INFO  Microsoft.AspNetCore.Mvc.Infrastructure.ObjectResultExecutor - Executing ObjectResult, writing value of type 'Utility.ResponseData`1[[System.String, System.Private.CoreLib, Version=4.0.0.0, Culture=neutral, PublicKeyToken=7cec85d7bea7798e]]'.
2023-04-07 16:11:58,177 [91] INFO  Microsoft.AspNetCore.Mvc.Infrastructure.ControllerActionInvoker - Executed action Richborn.Controllers.DataController.GetAllData (Richborn) in 277.4043ms
2023-04-07 16:11:58,177 [24] INFO  Microsoft.AspNetCore.Mvc.Infrastructure.ControllerActionInvoker - Executed action Richborn.Controllers.DataController.GetAllData (Richborn) in 281.749ms
2023-04-07 16:11:58,177 [96] INFO  Microsoft.AspNetCore.Mvc.Infrastructure.ControllerActionInvoker - Executed action Richborn.Controllers.DataController.GetAllFilterData (Richborn) in 280.1007ms
2023-04-07 16:11:58,177 [91] INFO  Microsoft.AspNetCore.Hosting.Diagnostics - Request finished in 278.569ms 200 application/json; charset=utf-8
2023-04-07 16:11:58,177 [16] INFO  Microsoft.AspNetCore.Mvc.Infrastructure.ControllerActionInvoker - Executed action Richborn.Controllers.DataController.GetAllData (Richborn) in 281.8265ms
2023-04-07 16:11:58,177 [24] INFO  Microsoft.AspNetCore.Hosting.Diagnostics - Request finished in 283.3582ms 200 application/json; charset=utf-8
2023-04-07 16:11:58,177 [16] INFO  Microsoft.AspNetCore.Hosting.Diagnostics - Request finished in 283.5767ms 200 application/json; charset=utf-8
2023-04-07 16:11:58,177 [96] INFO  Microsoft.AspNetCore.Hosting.Diagnostics - Request finished in 281.4555ms 200 application/json; charset=utf-8
