2023-04-07 16:10:17,618 [26] INFO  Microsoft.AspNetCore.Hosting.Diagnostics - Request starting HTTP/2.0 OPTIONS https://localhost:44376/v1/api/Data/GetAllData  
2023-04-07 16:10:17,621 [26] INFO  Microsoft.AspNetCore.Cors.Infrastructure.CorsService - CORS policy execution successful.
2023-04-07 16:10:17,625 [26] INFO  Microsoft.AspNetCore.Hosting.Diagnostics - Request finished in 7.2274ms 204 
2023-04-07 16:10:17,631 [26] INFO  Microsoft.AspNetCore.Hosting.Diagnostics - Request starting HTTP/2.0 POST https://localhost:44376/v1/api/Data/GetAllData application/json 32
2023-04-07 16:10:17,631 [26] INFO  Microsoft.AspNetCore.Cors.Infrastructure.CorsService - CORS policy execution successful.
2023-04-07 16:10:17,633 [26] INFO  Microsoft.AspNetCore.Authentication.JwtBearer.JwtBearerHandler - Failed to validate the token.
Microsoft.IdentityModel.Tokens.SecurityTokenExpiredException: IDX10223: Lifetime validation failed. The token is expired. ValidTo: 'System.DateTime', Current time: 'System.DateTime'.
   at Microsoft.IdentityModel.Tokens.Validators.ValidateLifetime(Nullable`1 notBefore, Nullable`1 expires, SecurityToken securityToken, TokenValidationParameters validationParameters)
   at System.IdentityModel.Tokens.Jwt.JwtSecurityTokenHandler.ValidateLifetime(Nullable`1 notBefore, Nullable`1 expires, JwtSecurityToken jwtToken, TokenValidationParameters validationParameters)
   at System.IdentityModel.Tokens.Jwt.JwtSecurityTokenHandler.ValidateTokenPayload(JwtSecurityToken jwtToken, TokenValidationParameters validationParameters)
   at System.IdentityModel.Tokens.Jwt.JwtSecurityTokenHandler.ValidateToken(String token, TokenValidationParameters validationParameters, SecurityToken& validatedToken)
   at Microsoft.AspNetCore.Authentication.JwtBearer.JwtBearerHandler.HandleAuthenticateAsync()
2023-04-07 16:10:17,634 [26] INFO  Microsoft.AspNetCore.Authentication.JwtBearer.JwtBearerHandler - Bearer was not authenticated. Failure message: IDX10223: Lifetime validation failed. The token is expired. ValidTo: 'System.DateTime', Current time: 'System.DateTime'.
2023-04-07 16:10:17,634 [26] INFO  Microsoft.AspNetCore.Mvc.Infrastructure.ControllerActionInvoker - Route matched with {action = "GetAllData", controller = "Data"}. Executing controller action with signature System.Threading.Tasks.Task`1[Microsoft.AspNetCore.Mvc.ActionResult] GetAllData(Utility.SearchModel) on controller Richborn.Controllers.DataController (Richborn).
2023-04-07 16:10:18,674 [26] INFO  Microsoft.AspNetCore.Hosting.Diagnostics - Request starting HTTP/2.0 POST https://localhost:44376/v1/api/Data/GetAllData application/json 98
2023-04-07 16:10:18,674 [26] INFO  Microsoft.AspNetCore.Cors.Infrastructure.CorsService - CORS policy execution successful.
2023-04-07 16:10:18,674 [91] INFO  Microsoft.AspNetCore.Hosting.Diagnostics - Request starting HTTP/2.0 POST https://localhost:44376/v1/api/Data/GetAllData application/json 89
2023-04-07 16:10:18,675 [26] INFO  Microsoft.AspNetCore.Authentication.JwtBearer.JwtBearerHandler - Failed to validate the token.
Microsoft.IdentityModel.Tokens.SecurityTokenExpiredException: IDX10223: Lifetime validation failed. The token is expired. ValidTo: 'System.DateTime', Current time: 'System.DateTime'.
   at Microsoft.IdentityModel.Tokens.Validators.ValidateLifetime(Nullable`1 notBefore, Nullable`1 expires, SecurityToken securityToken, TokenValidationParameters validationParameters)
   at System.IdentityModel.Tokens.Jwt.JwtSecurityTokenHandler.ValidateLifetime(Nullable`1 notBefore, Nullable`1 expires, JwtSecurityToken jwtToken, TokenValidationParameters validationParameters)
   at System.IdentityModel.Tokens.Jwt.JwtSecurityTokenHandler.ValidateTokenPayload(JwtSecurityToken jwtToken, TokenValidationParameters validationParameters)
   at System.IdentityModel.Tokens.Jwt.JwtSecurityTokenHandler.ValidateToken(String token, TokenValidationParameters validationParameters, SecurityToken& validatedToken)
   at Microsoft.AspNetCore.Authentication.JwtBearer.JwtBearerHandler.HandleAuthenticateAsync()
2023-04-07 16:10:18,675 [26] INFO  Microsoft.AspNetCore.Authentication.JwtBearer.JwtBearerHandler - Bearer was not authenticated. Failure message: IDX10223: Lifetime validation failed. The token is expired. ValidTo: 'System.DateTime', Current time: 'System.DateTime'.
2023-04-07 16:10:18,675 [91] INFO  Microsoft.AspNetCore.Cors.Infrastructure.CorsService - CORS policy execution successful.
2023-04-07 16:10:18,675 [26] INFO  Microsoft.AspNetCore.Mvc.Infrastructure.ControllerActionInvoker - Route matched with {action = "GetAllData", controller = "Data"}. Executing controller action with signature System.Threading.Tasks.Task`1[Microsoft.AspNetCore.Mvc.ActionResult] GetAllData(Utility.SearchModel) on controller Richborn.Controllers.DataController (Richborn).
2023-04-07 16:10:18,676 [91] INFO  Microsoft.AspNetCore.Authentication.JwtBearer.JwtBearerHandler - Failed to validate the token.
Microsoft.IdentityModel.Tokens.SecurityTokenExpiredException: IDX10223: Lifetime validation failed. The token is expired. ValidTo: 'System.DateTime', Current time: 'System.DateTime'.
   at Microsoft.IdentityModel.Tokens.Validators.ValidateLifetime(Nullable`1 notBefore, Nullable`1 expires, SecurityToken securityToken, TokenValidationParameters validationParameters)
   at System.IdentityModel.Tokens.Jwt.JwtSecurityTokenHandler.ValidateLifetime(Nullable`1 notBefore, Nullable`1 expires, JwtSecurityToken jwtToken, TokenValidationParameters validationParameters)
   at System.IdentityModel.Tokens.Jwt.JwtSecurityTokenHandler.ValidateTokenPayload(JwtSecurityToken jwtToken, TokenValidationParameters validationParameters)
   at System.IdentityModel.Tokens.Jwt.JwtSecurityTokenHandler.ValidateToken(String token, TokenValidationParameters validationParameters, SecurityToken& validatedToken)
   at Microsoft.AspNetCore.Authentication.JwtBearer.JwtBearerHandler.HandleAuthenticateAsync()
2023-04-07 16:10:18,676 [91] INFO  Microsoft.AspNetCore.Authentication.JwtBearer.JwtBearerHandler - Bearer was not authenticated. Failure message: IDX10223: Lifetime validation failed. The token is expired. ValidTo: 'System.DateTime', Current time: 'System.DateTime'.
2023-04-07 16:10:18,677 [91] INFO  Microsoft.AspNetCore.Mvc.Infrastructure.ControllerActionInvoker - Route matched with {action = "GetAllData", controller = "Data"}. Executing controller action with signature System.Threading.Tasks.Task`1[Microsoft.AspNetCore.Mvc.ActionResult] GetAllData(Utility.SearchModel) on controller Richborn.Controllers.DataController (Richborn).
2023-04-07 16:10:18,677 [24] INFO  Microsoft.AspNetCore.Hosting.Diagnostics - Request starting HTTP/2.0 POST https://localhost:44376/v1/api/Data/GetAllData application/json 79
2023-04-07 16:10:18,677 [24] INFO  Microsoft.AspNetCore.Cors.Infrastructure.CorsService - CORS policy execution successful.
2023-04-07 16:10:18,677 [92] INFO  Microsoft.AspNetCore.Hosting.Diagnostics - Request starting HTTP/2.0 POST https://localhost:44376/v1/api/Data/GetAllData application/json 85
2023-04-07 16:10:18,677 [92] INFO  Microsoft.AspNetCore.Cors.Infrastructure.CorsService - CORS policy execution successful.
2023-04-07 16:10:18,677 [24] INFO  Microsoft.AspNetCore.Authentication.JwtBearer.JwtBearerHandler - Failed to validate the token.
Microsoft.IdentityModel.Tokens.SecurityTokenExpiredException: IDX10223: Lifetime validation failed. The token is expired. ValidTo: 'System.DateTime', Current time: 'System.DateTime'.
   at Microsoft.IdentityModel.Tokens.Validators.ValidateLifetime(Nullable`1 notBefore, Nullable`1 expires, SecurityToken securityToken, TokenValidationParameters validationParameters)
   at System.IdentityModel.Tokens.Jwt.JwtSecurityTokenHandler.ValidateLifetime(Nullable`1 notBefore, Nullable`1 expires, JwtSecurityToken jwtToken, TokenValidationParameters validationParameters)
   at System.IdentityModel.Tokens.Jwt.JwtSecurityTokenHandler.ValidateTokenPayload(JwtSecurityToken jwtToken, TokenValidationParameters validationParameters)
   at System.IdentityModel.Tokens.Jwt.JwtSecurityTokenHandler.ValidateToken(String token, TokenValidationParameters validationParameters, SecurityToken& validatedToken)
   at Microsoft.AspNetCore.Authentication.JwtBearer.JwtBearerHandler.HandleAuthenticateAsync()
2023-04-07 16:10:18,677 [93] INFO  Microsoft.AspNetCore.Hosting.Diagnostics - Request starting HTTP/2.0 OPTIONS https://localhost:44376/v1/api/Data/GetAllFilterData  
2023-04-07 16:10:18,677 [24] INFO  Microsoft.AspNetCore.Authentication.JwtBearer.JwtBearerHandler - Bearer was not authenticated. Failure message: IDX10223: Lifetime validation failed. The token is expired. ValidTo: 'System.DateTime', Current time: 'System.DateTime'.
2023-04-07 16:10:18,677 [93] INFO  Microsoft.AspNetCore.Cors.Infrastructure.CorsService - CORS policy execution successful.
2023-04-07 16:10:18,677 [92] INFO  Microsoft.AspNetCore.Authentication.JwtBearer.JwtBearerHandler - Failed to validate the token.
Microsoft.IdentityModel.Tokens.SecurityTokenExpiredException: IDX10223: Lifetime validation failed. The token is expired. ValidTo: 'System.DateTime', Current time: 'System.DateTime'.
   at Microsoft.IdentityModel.Tokens.Validators.ValidateLifetime(Nullable`1 notBefore, Nullable`1 expires, SecurityToken securityToken, TokenValidationParameters validationParameters)
   at System.IdentityModel.Tokens.Jwt.JwtSecurityTokenHandler.ValidateLifetime(Nullable`1 notBefore, Nullable`1 expires, JwtSecurityToken jwtToken, TokenValidationParameters validationParameters)
   at System.IdentityModel.Tokens.Jwt.JwtSecurityTokenHandler.ValidateTokenPayload(JwtSecurityToken jwtToken, TokenValidationParameters validationParameters)
   at System.IdentityModel.Tokens.Jwt.JwtSecurityTokenHandler.ValidateToken(String token, TokenValidationParameters validationParameters, SecurityToken& validatedToken)
   at Microsoft.AspNetCore.Authentication.JwtBearer.JwtBearerHandler.HandleAuthenticateAsync()
2023-04-07 16:10:18,678 [24] INFO  Microsoft.AspNetCore.Mvc.Infrastructure.ControllerActionInvoker - Route matched with {action = "GetAllData", controller = "Data"}. Executing controller action with signature System.Threading.Tasks.Task`1[Microsoft.AspNetCore.Mvc.ActionResult] GetAllData(Utility.SearchModel) on controller Richborn.Controllers.DataController (Richborn).
2023-04-07 16:10:18,678 [92] INFO  Microsoft.AspNetCore.Authentication.JwtBearer.JwtBearerHandler - Bearer was not authenticated. Failure message: IDX10223: Lifetime validation failed. The token is expired. ValidTo: 'System.DateTime', Current time: 'System.DateTime'.
2023-04-07 16:10:18,678 [93] INFO  Microsoft.AspNetCore.Hosting.Diagnostics - Request finished in 0.3415ms 204 
2023-04-07 16:10:18,678 [92] INFO  Microsoft.AspNetCore.Mvc.Infrastructure.ControllerActionInvoker - Route matched with {action = "GetAllData", controller = "Data"}. Executing controller action with signature System.Threading.Tasks.Task`1[Microsoft.AspNetCore.Mvc.ActionResult] GetAllData(Utility.SearchModel) on controller Richborn.Controllers.DataController (Richborn).
2023-04-07 16:10:18,682 [93] INFO  Microsoft.AspNetCore.Hosting.Diagnostics - Request starting HTTP/2.0 POST https://localhost:44376/v1/api/Data/GetAllFilterData application/json 97
2023-04-07 16:10:18,682 [93] INFO  Microsoft.AspNetCore.Cors.Infrastructure.CorsService - CORS policy execution successful.
2023-04-07 16:10:18,683 [93] INFO  Microsoft.AspNetCore.Authentication.JwtBearer.JwtBearerHandler - Failed to validate the token.
Microsoft.IdentityModel.Tokens.SecurityTokenExpiredException: IDX10223: Lifetime validation failed. The token is expired. ValidTo: 'System.DateTime', Current time: 'System.DateTime'.
   at Microsoft.IdentityModel.Tokens.Validators.ValidateLifetime(Nullable`1 notBefore, Nullable`1 expires, SecurityToken securityToken, TokenValidationParameters validationParameters)
   at System.IdentityModel.Tokens.Jwt.JwtSecurityTokenHandler.ValidateLifetime(Nullable`1 notBefore, Nullable`1 expires, JwtSecurityToken jwtToken, TokenValidationParameters validationParameters)
   at System.IdentityModel.Tokens.Jwt.JwtSecurityTokenHandler.ValidateTokenPayload(JwtSecurityToken jwtToken, TokenValidationParameters validationParameters)
   at System.IdentityModel.Tokens.Jwt.JwtSecurityTokenHandler.ValidateToken(String token, TokenValidationParameters validationParameters, SecurityToken& validatedToken)
   at Microsoft.AspNetCore.Authentication.JwtBearer.JwtBearerHandler.HandleAuthenticateAsync()
2023-04-07 16:10:18,683 [93] INFO  Microsoft.AspNetCore.Authentication.JwtBearer.JwtBearerHandler - Bearer was not authenticated. Failure message: IDX10223: Lifetime validation failed. The token is expired. ValidTo: 'System.DateTime', Current time: 'System.DateTime'.
2023-04-07 16:10:18,683 [93] INFO  Microsoft.AspNetCore.Mvc.Infrastructure.ControllerActionInvoker - Route matched with {action = "GetAllFilterData", controller = "Data"}. Executing controller action with signature System.Threading.Tasks.Task`1[Microsoft.AspNetCore.Mvc.ActionResult] GetAllFilterData(Utility.SearchModel) on controller Richborn.Controllers.DataController (Richborn).
2023-04-07 16:10:18,781 [94] INFO  Microsoft.AspNetCore.Mvc.Infrastructure.ObjectResultExecutor - Executing ObjectResult, writing value of type 'Utility.ResponseData`1[[System.String, System.Private.CoreLib, Version=4.0.0.0, Culture=neutral, PublicKeyToken=7cec85d7bea7798e]]'.
2023-04-07 16:10:18,782 [94] INFO  Microsoft.AspNetCore.Mvc.Infrastructure.ControllerActionInvoker - Executed action Richborn.Controllers.DataController.GetAllData (Richborn) in 1147.7453ms
2023-04-07 16:10:18,782 [94] INFO  Microsoft.AspNetCore.Hosting.Diagnostics - Request finished in 1151.1281ms 200 application/json; charset=utf-8
2023-04-07 16:10:18,957 [91] INFO  Microsoft.AspNetCore.Mvc.Infrastructure.ObjectResultExecutor - Executing ObjectResult, writing value of type 'Utility.ResponseData`1[[System.String, System.Private.CoreLib, Version=4.0.0.0, Culture=neutral, PublicKeyToken=7cec85d7bea7798e]]'.
2023-04-07 16:10:18,958 [91] INFO  Microsoft.AspNetCore.Mvc.Infrastructure.ControllerActionInvoker - Executed action Richborn.Controllers.DataController.GetAllData (Richborn) in 281.3046ms
2023-04-07 16:10:18,958 [91] INFO  Microsoft.AspNetCore.Hosting.Diagnostics - Request finished in 283.7673ms 200 application/json; charset=utf-8
2023-04-07 16:10:19,136 [95] INFO  Microsoft.AspNetCore.Mvc.Infrastructure.ObjectResultExecutor - Executing ObjectResult, writing value of type 'Utility.ResponseData`1[[System.String, System.Private.CoreLib, Version=4.0.0.0, Culture=neutral, PublicKeyToken=7cec85d7bea7798e]]'.
2023-04-07 16:10:19,137 [95] INFO  Microsoft.AspNetCore.Mvc.Infrastructure.ControllerActionInvoker - Executed action Richborn.Controllers.DataController.GetAllData (Richborn) in 459.1898ms
2023-04-07 16:10:19,138 [95] INFO  Microsoft.AspNetCore.Hosting.Diagnostics - Request finished in 461.0042ms 200 application/json; charset=utf-8
2023-04-07 16:10:19,319 [95] INFO  Microsoft.AspNetCore.Mvc.Infrastructure.ObjectResultExecutor - Executing ObjectResult, writing value of type 'Utility.ResponseData`1[[System.String, System.Private.CoreLib, Version=4.0.0.0, Culture=neutral, PublicKeyToken=7cec85d7bea7798e]]'.
2023-04-07 16:10:19,320 [95] INFO  Microsoft.AspNetCore.Mvc.Infrastructure.ControllerActionInvoker - Executed action Richborn.Controllers.DataController.GetAllData (Richborn) in 641.5387ms
2023-04-07 16:10:19,320 [95] INFO  Microsoft.AspNetCore.Hosting.Diagnostics - Request finished in 642.8115ms 200 application/json; charset=utf-8
2023-04-07 16:10:19,502 [93] INFO  Microsoft.AspNetCore.Mvc.Infrastructure.ObjectResultExecutor - Executing ObjectResult, writing value of type 'Utility.ResponseData`1[[System.String, System.Private.CoreLib, Version=4.0.0.0, Culture=neutral, PublicKeyToken=7cec85d7bea7798e]]'.
2023-04-07 16:10:19,503 [93] INFO  Microsoft.AspNetCore.Mvc.Infrastructure.ControllerActionInvoker - Executed action Richborn.Controllers.DataController.GetAllFilterData (Richborn) in 819.4865ms
2023-04-07 16:10:19,503 [93] INFO  Microsoft.AspNetCore.Hosting.Diagnostics - Request finished in 820.8008ms 200 application/json; charset=utf-8
2023-04-07 16:10:19,856 [91] INFO  Microsoft.AspNetCore.Mvc.Infrastructure.ObjectResultExecutor - Executing ObjectResult, writing value of type 'Utility.ResponseData`1[[System.String, System.Private.CoreLib, Version=4.0.0.0, Culture=neutral, PublicKeyToken=7cec85d7bea7798e]]'.
2023-04-07 16:10:19,857 [91] INFO  Microsoft.AspNetCore.Mvc.Infrastructure.ControllerActionInvoker - Executed action Richborn.Controllers.DataController.GetAllData (Richborn) in 1181.2067ms
2023-04-07 16:10:19,857 [91] INFO  Microsoft.AspNetCore.Hosting.Diagnostics - Request finished in 1182.934ms 200 application/json; charset=utf-8
2023-04-07 16:10:32,747 [95] INFO  Microsoft.AspNetCore.Hosting.Diagnostics - Request starting HTTP/2.0 OPTIONS https://localhost:44376/v1/api/Data/GetAllData  
2023-04-07 16:10:32,747 [95] INFO  Microsoft.AspNetCore.Cors.Infrastructure.CorsService - CORS policy execution successful.
2023-04-07 16:10:32,748 [95] INFO  Microsoft.AspNetCore.Hosting.Diagnostics - Request finished in 1.0643ms 204 
2023-04-07 16:10:32,757 [95] INFO  Microsoft.AspNetCore.Hosting.Diagnostics - Request starting HTTP/2.0 POST https://localhost:44376/v1/api/Data/GetAllData application/json 32
2023-04-07 16:10:32,757 [95] INFO  Microsoft.AspNetCore.Cors.Infrastructure.CorsService - CORS policy execution successful.
2023-04-07 16:10:32,758 [95] INFO  Microsoft.AspNetCore.Authentication.JwtBearer.JwtBearerHandler - Failed to validate the token.
Microsoft.IdentityModel.Tokens.SecurityTokenExpiredException: IDX10223: Lifetime validation failed. The token is expired. ValidTo: 'System.DateTime', Current time: 'System.DateTime'.
   at Microsoft.IdentityModel.Tokens.Validators.ValidateLifetime(Nullable`1 notBefore, Nullable`1 expires, SecurityToken securityToken, TokenValidationParameters validationParameters)
   at System.IdentityModel.Tokens.Jwt.JwtSecurityTokenHandler.ValidateLifetime(Nullable`1 notBefore, Nullable`1 expires, JwtSecurityToken jwtToken, TokenValidationParameters validationParameters)
   at System.IdentityModel.Tokens.Jwt.JwtSecurityTokenHandler.ValidateTokenPayload(JwtSecurityToken jwtToken, TokenValidationParameters validationParameters)
   at System.IdentityModel.Tokens.Jwt.JwtSecurityTokenHandler.ValidateToken(String token, TokenValidationParameters validationParameters, SecurityToken& validatedToken)
   at Microsoft.AspNetCore.Authentication.JwtBearer.JwtBearerHandler.HandleAuthenticateAsync()
2023-04-07 16:10:32,758 [95] INFO  Microsoft.AspNetCore.Authentication.JwtBearer.JwtBearerHandler - Bearer was not authenticated. Failure message: IDX10223: Lifetime validation failed. The token is expired. ValidTo: 'System.DateTime', Current time: 'System.DateTime'.
2023-04-07 16:10:32,759 [95] INFO  Microsoft.AspNetCore.Mvc.Infrastructure.ControllerActionInvoker - Route matched with {action = "GetAllData", controller = "Data"}. Executing controller action with signature System.Threading.Tasks.Task`1[Microsoft.AspNetCore.Mvc.ActionResult] GetAllData(Utility.SearchModel) on controller Richborn.Controllers.DataController (Richborn).
2023-04-07 16:10:33,040 [91] INFO  Microsoft.AspNetCore.Mvc.Infrastructure.ObjectResultExecutor - Executing ObjectResult, writing value of type 'Utility.ResponseData`1[[System.String, System.Private.CoreLib, Version=4.0.0.0, Culture=neutral, PublicKeyToken=7cec85d7bea7798e]]'.
2023-04-07 16:10:33,040 [91] INFO  Microsoft.AspNetCore.Mvc.Infrastructure.ControllerActionInvoker - Executed action Richborn.Controllers.DataController.GetAllData (Richborn) in 281.0912ms
2023-04-07 16:10:33,041 [91] INFO  Microsoft.AspNetCore.Hosting.Diagnostics - Request finished in 283.8698ms 200 application/json; charset=utf-8
2023-04-07 16:10:34,622 [95] INFO  Microsoft.AspNetCore.Hosting.Diagnostics - Request starting HTTP/2.0 POST https://localhost:44376/v1/api/Data/GetAllData application/json 98
2023-04-07 16:10:34,623 [95] INFO  Microsoft.AspNetCore.Cors.Infrastructure.CorsService - CORS policy execution successful.
2023-04-07 16:10:34,624 [95] INFO  Microsoft.AspNetCore.Authentication.JwtBearer.JwtBearerHandler - Failed to validate the token.
Microsoft.IdentityModel.Tokens.SecurityTokenExpiredException: IDX10223: Lifetime validation failed. The token is expired. ValidTo: 'System.DateTime', Current time: 'System.DateTime'.
   at Microsoft.IdentityModel.Tokens.Validators.ValidateLifetime(Nullable`1 notBefore, Nullable`1 expires, SecurityToken securityToken, TokenValidationParameters validationParameters)
   at System.IdentityModel.Tokens.Jwt.JwtSecurityTokenHandler.ValidateLifetime(Nullable`1 notBefore, Nullable`1 expires, JwtSecurityToken jwtToken, TokenValidationParameters validationParameters)
   at System.IdentityModel.Tokens.Jwt.JwtSecurityTokenHandler.ValidateTokenPayload(JwtSecurityToken jwtToken, TokenValidationParameters validationParameters)
   at System.IdentityModel.Tokens.Jwt.JwtSecurityTokenHandler.ValidateToken(String token, TokenValidationParameters validationParameters, SecurityToken& validatedToken)
   at Microsoft.AspNetCore.Authentication.JwtBearer.JwtBearerHandler.HandleAuthenticateAsync()
2023-04-07 16:10:34,625 [95] INFO  Microsoft.AspNetCore.Authentication.JwtBearer.JwtBearerHandler - Bearer was not authenticated. Failure message: IDX10223: Lifetime validation failed. The token is expired. ValidTo: 'System.DateTime', Current time: 'System.DateTime'.
2023-04-07 16:10:34,625 [95] INFO  Microsoft.AspNetCore.Mvc.Infrastructure.ControllerActionInvoker - Route matched with {action = "GetAllData", controller = "Data"}. Executing controller action with signature System.Threading.Tasks.Task`1[Microsoft.AspNetCore.Mvc.ActionResult] GetAllData(Utility.SearchModel) on controller Richborn.Controllers.DataController (Richborn).
2023-04-07 16:10:34,626 [91] INFO  Microsoft.AspNetCore.Hosting.Diagnostics - Request starting HTTP/2.0 POST https://localhost:44376/v1/api/Data/GetAllData application/json 89
2023-04-07 16:10:34,626 [91] INFO  Microsoft.AspNetCore.Cors.Infrastructure.CorsService - CORS policy execution successful.
2023-04-07 16:10:34,627 [93] INFO  Microsoft.AspNetCore.Hosting.Diagnostics - Request starting HTTP/2.0 POST https://localhost:44376/v1/api/Data/GetAllData application/json 79
2023-04-07 16:10:34,627 [95] INFO  Microsoft.AspNetCore.Hosting.Diagnostics - Request starting HTTP/2.0 OPTIONS https://localhost:44376/v1/api/Data/GetAllFilterData  
2023-04-07 16:10:34,627 [95] INFO  Microsoft.AspNetCore.Cors.Infrastructure.CorsService - CORS policy execution successful.
2023-04-07 16:10:34,627 [95] INFO  Microsoft.AspNetCore.Hosting.Diagnostics - Request finished in 0.6057ms 204 
2023-04-07 16:10:34,627 [93] INFO  Microsoft.AspNetCore.Cors.Infrastructure.CorsService - CORS policy execution successful.
2023-04-07 16:10:34,628 [91] INFO  Microsoft.AspNetCore.Authentication.JwtBearer.JwtBearerHandler - Failed to validate the token.
Microsoft.IdentityModel.Tokens.SecurityTokenExpiredException: IDX10223: Lifetime validation failed. The token is expired. ValidTo: 'System.DateTime', Current time: 'System.DateTime'.
   at Microsoft.IdentityModel.Tokens.Validators.ValidateLifetime(Nullable`1 notBefore, Nullable`1 expires, SecurityToken securityToken, TokenValidationParameters validationParameters)
   at System.IdentityModel.Tokens.Jwt.JwtSecurityTokenHandler.ValidateLifetime(Nullable`1 notBefore, Nullable`1 expires, JwtSecurityToken jwtToken, TokenValidationParameters validationParameters)
   at System.IdentityModel.Tokens.Jwt.JwtSecurityTokenHandler.ValidateTokenPayload(JwtSecurityToken jwtToken, TokenValidationParameters validationParameters)
   at System.IdentityModel.Tokens.Jwt.JwtSecurityTokenHandler.ValidateToken(String token, TokenValidationParameters validationParameters, SecurityToken& validatedToken)
   at Microsoft.AspNetCore.Authentication.JwtBearer.JwtBearerHandler.HandleAuthenticateAsync()
2023-04-07 16:10:34,628 [93] INFO  Microsoft.AspNetCore.Authentication.JwtBearer.JwtBearerHandler - Failed to validate the token.
Microsoft.IdentityModel.Tokens.SecurityTokenExpiredException: IDX10223: Lifetime validation failed. The token is expired. ValidTo: 'System.DateTime', Current time: 'System.DateTime'.
   at Microsoft.IdentityModel.Tokens.Validators.ValidateLifetime(Nullable`1 notBefore, Nullable`1 expires, SecurityToken securityToken, TokenValidationParameters validationParameters)
   at System.IdentityModel.Tokens.Jwt.JwtSecurityTokenHandler.ValidateLifetime(Nullable`1 notBefore, Nullable`1 expires, JwtSecurityToken jwtToken, TokenValidationParameters validationParameters)
   at System.IdentityModel.Tokens.Jwt.JwtSecurityTokenHandler.ValidateTokenPayload(JwtSecurityToken jwtToken, TokenValidationParameters validationParameters)
   at System.IdentityModel.Tokens.Jwt.JwtSecurityTokenHandler.ValidateToken(String token, TokenValidationParameters validationParameters, SecurityToken& validatedToken)
   at Microsoft.AspNetCore.Authentication.JwtBearer.JwtBearerHandler.HandleAuthenticateAsync()
2023-04-07 16:10:34,628 [91] INFO  Microsoft.AspNetCore.Authentication.JwtBearer.JwtBearerHandler - Bearer was not authenticated. Failure message: IDX10223: Lifetime validation failed. The token is expired. ValidTo: 'System.DateTime', Current time: 'System.DateTime'.
2023-04-07 16:10:34,628 [93] INFO  Microsoft.AspNetCore.Authentication.JwtBearer.JwtBearerHandler - Bearer was not authenticated. Failure message: IDX10223: Lifetime validation failed. The token is expired. ValidTo: 'System.DateTime', Current time: 'System.DateTime'.
2023-04-07 16:10:34,628 [91] INFO  Microsoft.AspNetCore.Mvc.Infrastructure.ControllerActionInvoker - Route matched with {action = "GetAllData", controller = "Data"}. Executing controller action with signature System.Threading.Tasks.Task`1[Microsoft.AspNetCore.Mvc.ActionResult] GetAllData(Utility.SearchModel) on controller Richborn.Controllers.DataController (Richborn).
2023-04-07 16:10:34,628 [93] INFO  Microsoft.AspNetCore.Mvc.Infrastructure.ControllerActionInvoker - Route matched with {action = "GetAllData", controller = "Data"}. Executing controller action with signature System.Threading.Tasks.Task`1[Microsoft.AspNetCore.Mvc.ActionResult] GetAllData(Utility.SearchModel) on controller Richborn.Controllers.DataController (Richborn).
2023-04-07 16:10:34,630 [95] INFO  Microsoft.AspNetCore.Hosting.Diagnostics - Request starting HTTP/2.0 POST https://localhost:44376/v1/api/Data/GetAllData application/json 85
2023-04-07 16:10:34,631 [95] INFO  Microsoft.AspNetCore.Cors.Infrastructure.CorsService - CORS policy execution successful.
2023-04-07 16:10:34,631 [95] INFO  Microsoft.AspNetCore.Authentication.JwtBearer.JwtBearerHandler - Failed to validate the token.
Microsoft.IdentityModel.Tokens.SecurityTokenExpiredException: IDX10223: Lifetime validation failed. The token is expired. ValidTo: 'System.DateTime', Current time: 'System.DateTime'.
   at Microsoft.IdentityModel.Tokens.Validators.ValidateLifetime(Nullable`1 notBefore, Nullable`1 expires, SecurityToken securityToken, TokenValidationParameters validationParameters)
   at System.IdentityModel.Tokens.Jwt.JwtSecurityTokenHandler.ValidateLifetime(Nullable`1 notBefore, Nullable`1 expires, JwtSecurityToken jwtToken, TokenValidationParameters validationParameters)
   at System.IdentityModel.Tokens.Jwt.JwtSecurityTokenHandler.ValidateTokenPayload(JwtSecurityToken jwtToken, TokenValidationParameters validationParameters)
   at System.IdentityModel.Tokens.Jwt.JwtSecurityTokenHandler.ValidateToken(String token, TokenValidationParameters validationParameters, SecurityToken& validatedToken)
   at Microsoft.AspNetCore.Authentication.JwtBearer.JwtBearerHandler.HandleAuthenticateAsync()
2023-04-07 16:10:34,631 [95] INFO  Microsoft.AspNetCore.Authentication.JwtBearer.JwtBearerHandler - Bearer was not authenticated. Failure message: IDX10223: Lifetime validation failed. The token is expired. ValidTo: 'System.DateTime', Current time: 'System.DateTime'.
2023-04-07 16:10:34,632 [95] INFO  Microsoft.AspNetCore.Mvc.Infrastructure.ControllerActionInvoker - Route matched with {action = "GetAllData", controller = "Data"}. Executing controller action with signature System.Threading.Tasks.Task`1[Microsoft.AspNetCore.Mvc.ActionResult] GetAllData(Utility.SearchModel) on controller Richborn.Controllers.DataController (Richborn).
2023-04-07 16:10:34,633 [91] INFO  Microsoft.AspNetCore.Hosting.Diagnostics - Request starting HTTP/2.0 POST https://localhost:44376/v1/api/Data/GetAllFilterData application/json 97
2023-04-07 16:10:34,633 [91] INFO  Microsoft.AspNetCore.Cors.Infrastructure.CorsService - CORS policy execution successful.
2023-04-07 16:10:34,634 [91] INFO  Microsoft.AspNetCore.Authentication.JwtBearer.JwtBearerHandler - Failed to validate the token.
Microsoft.IdentityModel.Tokens.SecurityTokenExpiredException: IDX10223: Lifetime validation failed. The token is expired. ValidTo: 'System.DateTime', Current time: 'System.DateTime'.
   at Microsoft.IdentityModel.Tokens.Validators.ValidateLifetime(Nullable`1 notBefore, Nullable`1 expires, SecurityToken securityToken, TokenValidationParameters validationParameters)
   at System.IdentityModel.Tokens.Jwt.JwtSecurityTokenHandler.ValidateLifetime(Nullable`1 notBefore, Nullable`1 expires, JwtSecurityToken jwtToken, TokenValidationParameters validationParameters)
   at System.IdentityModel.Tokens.Jwt.JwtSecurityTokenHandler.ValidateTokenPayload(JwtSecurityToken jwtToken, TokenValidationParameters validationParameters)
   at System.IdentityModel.Tokens.Jwt.JwtSecurityTokenHandler.ValidateToken(String token, TokenValidationParameters validationParameters, SecurityToken& validatedToken)
   at Microsoft.AspNetCore.Authentication.JwtBearer.JwtBearerHandler.HandleAuthenticateAsync()
2023-04-07 16:10:34,634 [91] INFO  Microsoft.AspNetCore.Authentication.JwtBearer.JwtBearerHandler - Bearer was not authenticated. Failure message: IDX10223: Lifetime validation failed. The token is expired. ValidTo: 'System.DateTime', Current time: 'System.DateTime'.
2023-04-07 16:10:34,634 [91] INFO  Microsoft.AspNetCore.Mvc.Infrastructure.ControllerActionInvoker - Route matched with {action = "GetAllFilterData", controller = "Data"}. Executing controller action with signature System.Threading.Tasks.Task`1[Microsoft.AspNetCore.Mvc.ActionResult] GetAllFilterData(Utility.SearchModel) on controller Richborn.Controllers.DataController (Richborn).
2023-04-07 16:10:34,831 [24] INFO  Microsoft.AspNetCore.Mvc.Infrastructure.ObjectResultExecutor - Executing ObjectResult, writing value of type 'Utility.ResponseData`1[[System.String, System.Private.CoreLib, Version=4.0.0.0, Culture=neutral, PublicKeyToken=7cec85d7bea7798e]]'.
2023-04-07 16:10:34,831 [94] INFO  Microsoft.AspNetCore.Mvc.Infrastructure.ObjectResultExecutor - Executing ObjectResult, writing value of type 'Utility.ResponseData`1[[System.String, System.Private.CoreLib, Version=4.0.0.0, Culture=neutral, PublicKeyToken=7cec85d7bea7798e]]'.
2023-04-07 16:10:34,832 [24] INFO  Microsoft.AspNetCore.Mvc.Infrastructure.ControllerActionInvoker - Executed action Richborn.Controllers.DataController.GetAllData (Richborn) in 203.4564ms
2023-04-07 16:10:34,832 [24] INFO  Microsoft.AspNetCore.Hosting.Diagnostics - Request finished in 205.7878ms 200 application/json; charset=utf-8
2023-04-07 16:10:34,832 [94] INFO  Microsoft.AspNetCore.Mvc.Infrastructure.ControllerActionInvoker - Executed action Richborn.Controllers.DataController.GetAllData (Richborn) in 206.3387ms
2023-04-07 16:10:34,832 [94] INFO  Microsoft.AspNetCore.Hosting.Diagnostics - Request finished in 210.3066ms 200 application/json; charset=utf-8
2023-04-07 16:10:35,010 [94] INFO  Microsoft.AspNetCore.Mvc.Infrastructure.ObjectResultExecutor - Executing ObjectResult, writing value of type 'Utility.ResponseData`1[[System.String, System.Private.CoreLib, Version=4.0.0.0, Culture=neutral, PublicKeyToken=7cec85d7bea7798e]]'.
2023-04-07 16:10:35,010 [92] INFO  Microsoft.AspNetCore.Mvc.Infrastructure.ObjectResultExecutor - Executing ObjectResult, writing value of type 'Utility.ResponseData`1[[System.String, System.Private.CoreLib, Version=4.0.0.0, Culture=neutral, PublicKeyToken=7cec85d7bea7798e]]'.
2023-04-07 16:10:35,010 [92] INFO  Microsoft.AspNetCore.Mvc.Infrastructure.ControllerActionInvoker - Executed action Richborn.Controllers.DataController.GetAllData (Richborn) in 377.678ms
2023-04-07 16:10:35,010 [94] INFO  Microsoft.AspNetCore.Mvc.Infrastructure.ControllerActionInvoker - Executed action Richborn.Controllers.DataController.GetAllFilterData (Richborn) in 375.245ms
2023-04-07 16:10:35,010 [92] INFO  Microsoft.AspNetCore.Hosting.Diagnostics - Request finished in 379.5916ms 200 application/json; charset=utf-8
2023-04-07 16:10:35,010 [94] INFO  Microsoft.AspNetCore.Hosting.Diagnostics - Request finished in 376.9513ms 200 application/json; charset=utf-8
2023-04-07 16:10:35,729 [93] INFO  Microsoft.AspNetCore.Mvc.Infrastructure.ObjectResultExecutor - Executing ObjectResult, writing value of type 'Utility.ResponseData`1[[System.String, System.Private.CoreLib, Version=4.0.0.0, Culture=neutral, PublicKeyToken=7cec85d7bea7798e]]'.
2023-04-07 16:10:35,730 [93] INFO  Microsoft.AspNetCore.Mvc.Infrastructure.ControllerActionInvoker - Executed action Richborn.Controllers.DataController.GetAllData (Richborn) in 1101.2058ms
2023-04-07 16:10:35,730 [93] INFO  Microsoft.AspNetCore.Hosting.Diagnostics - Request finished in 1103.169ms 200 application/json; charset=utf-8
2023-04-07 16:10:39,083 [93] INFO  Microsoft.AspNetCore.Hosting.Diagnostics - Request starting HTTP/2.0 OPTIONS https://localhost:44376/v1/api/Data/GetAllData  
2023-04-07 16:10:39,083 [93] INFO  Microsoft.AspNetCore.Cors.Infrastructure.CorsService - CORS policy execution successful.
2023-04-07 16:10:39,087 [93] INFO  Microsoft.AspNetCore.Hosting.Diagnostics - Request finished in 0.739ms 204 
2023-04-07 16:10:39,094 [95] INFO  Microsoft.AspNetCore.Hosting.Diagnostics - Request starting HTTP/2.0 POST https://localhost:44376/v1/api/Data/GetAllData application/json 32
2023-04-07 16:10:39,094 [95] INFO  Microsoft.AspNetCore.Cors.Infrastructure.CorsService - CORS policy execution successful.
2023-04-07 16:10:39,094 [95] INFO  Microsoft.AspNetCore.Authentication.JwtBearer.JwtBearerHandler - Failed to validate the token.
Microsoft.IdentityModel.Tokens.SecurityTokenExpiredException: IDX10223: Lifetime validation failed. The token is expired. ValidTo: 'System.DateTime', Current time: 'System.DateTime'.
   at Microsoft.IdentityModel.Tokens.Validators.ValidateLifetime(Nullable`1 notBefore, Nullable`1 expires, SecurityToken securityToken, TokenValidationParameters validationParameters)
   at System.IdentityModel.Tokens.Jwt.JwtSecurityTokenHandler.ValidateLifetime(Nullable`1 notBefore, Nullable`1 expires, JwtSecurityToken jwtToken, TokenValidationParameters validationParameters)
   at System.IdentityModel.Tokens.Jwt.JwtSecurityTokenHandler.ValidateTokenPayload(JwtSecurityToken jwtToken, TokenValidationParameters validationParameters)
   at System.IdentityModel.Tokens.Jwt.JwtSecurityTokenHandler.ValidateToken(String token, TokenValidationParameters validationParameters, SecurityToken& validatedToken)
   at Microsoft.AspNetCore.Authentication.JwtBearer.JwtBearerHandler.HandleAuthenticateAsync()
2023-04-07 16:10:39,095 [95] INFO  Microsoft.AspNetCore.Authentication.JwtBearer.JwtBearerHandler - Bearer was not authenticated. Failure message: IDX10223: Lifetime validation failed. The token is expired. ValidTo: 'System.DateTime', Current time: 'System.DateTime'.
2023-04-07 16:10:39,095 [95] INFO  Microsoft.AspNetCore.Mvc.Infrastructure.ControllerActionInvoker - Route matched with {action = "GetAllData", controller = "Data"}. Executing controller action with signature System.Threading.Tasks.Task`1[Microsoft.AspNetCore.Mvc.ActionResult] GetAllData(Utility.SearchModel) on controller Richborn.Controllers.DataController (Richborn).
2023-04-07 16:10:39,346 [95] INFO  Microsoft.AspNetCore.Mvc.Infrastructure.ObjectResultExecutor - Executing ObjectResult, writing value of type 'Utility.ResponseData`1[[System.String, System.Private.CoreLib, Version=4.0.0.0, Culture=neutral, PublicKeyToken=7cec85d7bea7798e]]'.
2023-04-07 16:10:39,346 [95] INFO  Microsoft.AspNetCore.Mvc.Infrastructure.ControllerActionInvoker - Executed action Richborn.Controllers.DataController.GetAllData (Richborn) in 250.7121ms
2023-04-07 16:10:39,346 [95] INFO  Microsoft.AspNetCore.Hosting.Diagnostics - Request finished in 252.8244ms 200 application/json; charset=utf-8
2023-04-07 16:10:39,820 [94] INFO  Microsoft.AspNetCore.Hosting.Diagnostics - Request starting HTTP/2.0 POST https://localhost:44376/v1/api/Data/GetAllData application/json 98
2023-04-07 16:10:39,820 [94] INFO  Microsoft.AspNetCore.Cors.Infrastructure.CorsService - CORS policy execution successful.
2023-04-07 16:10:39,820 [26] INFO  Microsoft.AspNetCore.Hosting.Diagnostics - Request starting HTTP/2.0 POST https://localhost:44376/v1/api/Data/GetAllData application/json 89
2023-04-07 16:10:39,821 [26] INFO  Microsoft.AspNetCore.Cors.Infrastructure.CorsService - CORS policy execution successful.
2023-04-07 16:10:39,821 [94] INFO  Microsoft.AspNetCore.Authentication.JwtBearer.JwtBearerHandler - Failed to validate the token.
Microsoft.IdentityModel.Tokens.SecurityTokenExpiredException: IDX10223: Lifetime validation failed. The token is expired. ValidTo: 'System.DateTime', Current time: 'System.DateTime'.
   at Microsoft.IdentityModel.Tokens.Validators.ValidateLifetime(Nullable`1 notBefore, Nullable`1 expires, SecurityToken securityToken, TokenValidationParameters validationParameters)
   at System.IdentityModel.Tokens.Jwt.JwtSecurityTokenHandler.ValidateLifetime(Nullable`1 notBefore, Nullable`1 expires, JwtSecurityToken jwtToken, TokenValidationParameters validationParameters)
   at System.IdentityModel.Tokens.Jwt.JwtSecurityTokenHandler.ValidateTokenPayload(JwtSecurityToken jwtToken, TokenValidationParameters validationParameters)
   at System.IdentityModel.Tokens.Jwt.JwtSecurityTokenHandler.ValidateToken(String token, TokenValidationParameters validationParameters, SecurityToken& validatedToken)
   at Microsoft.AspNetCore.Authentication.JwtBearer.JwtBearerHandler.HandleAuthenticateAsync()
2023-04-07 16:10:39,822 [94] INFO  Microsoft.AspNetCore.Authentication.JwtBearer.JwtBearerHandler - Bearer was not authenticated. Failure message: IDX10223: Lifetime validation failed. The token is expired. ValidTo: 'System.DateTime', Current time: 'System.DateTime'.
2023-04-07 16:10:39,822 [26] INFO  Microsoft.AspNetCore.Authentication.JwtBearer.JwtBearerHandler - Failed to validate the token.
Microsoft.IdentityModel.Tokens.SecurityTokenExpiredException: IDX10223: Lifetime validation failed. The token is expired. ValidTo: 'System.DateTime', Current time: 'System.DateTime'.
   at Microsoft.IdentityModel.Tokens.Validators.ValidateLifetime(Nullable`1 notBefore, Nullable`1 expires, SecurityToken securityToken, TokenValidationParameters validationParameters)
   at System.IdentityModel.Tokens.Jwt.JwtSecurityTokenHandler.ValidateLifetime(Nullable`1 notBefore, Nullable`1 expires, JwtSecurityToken jwtToken, TokenValidationParameters validationParameters)
   at System.IdentityModel.Tokens.Jwt.JwtSecurityTokenHandler.ValidateTokenPayload(JwtSecurityToken jwtToken, TokenValidationParameters validationParameters)
   at System.IdentityModel.Tokens.Jwt.JwtSecurityTokenHandler.ValidateToken(String token, TokenValidationParameters validationParameters, SecurityToken& validatedToken)
   at Microsoft.AspNetCore.Authentication.JwtBearer.JwtBearerHandler.HandleAuthenticateAsync()
2023-04-07 16:10:39,822 [94] INFO  Microsoft.AspNetCore.Mvc.Infrastructure.ControllerActionInvoker - Route matched with {action = "GetAllData", controller = "Data"}. Executing controller action with signature System.Threading.Tasks.Task`1[Microsoft.AspNetCore.Mvc.ActionResult] GetAllData(Utility.SearchModel) on controller Richborn.Controllers.DataController (Richborn).
2023-04-07 16:10:39,822 [92] INFO  Microsoft.AspNetCore.Hosting.Diagnostics - Request starting HTTP/2.0 OPTIONS https://localhost:44376/v1/api/Data/GetAllFilterData  
2023-04-07 16:10:39,822 [93] INFO  Microsoft.AspNetCore.Hosting.Diagnostics - Request starting HTTP/2.0 POST https://localhost:44376/v1/api/Data/GetAllData application/json 79
2023-04-07 16:10:39,823 [92] INFO  Microsoft.AspNetCore.Cors.Infrastructure.CorsService - CORS policy execution successful.
2023-04-07 16:10:39,823 [26] INFO  Microsoft.AspNetCore.Authentication.JwtBearer.JwtBearerHandler - Bearer was not authenticated. Failure message: IDX10223: Lifetime validation failed. The token is expired. ValidTo: 'System.DateTime', Current time: 'System.DateTime'.
2023-04-07 16:10:39,823 [93] INFO  Microsoft.AspNetCore.Cors.Infrastructure.CorsService - CORS policy execution successful.
2023-04-07 16:10:39,823 [92] INFO  Microsoft.AspNetCore.Hosting.Diagnostics - Request finished in 0.5993ms 204 
2023-04-07 16:10:39,823 [26] INFO  Microsoft.AspNetCore.Mvc.Infrastructure.ControllerActionInvoker - Route matched with {action = "GetAllData", controller = "Data"}. Executing controller action with signature System.Threading.Tasks.Task`1[Microsoft.AspNetCore.Mvc.ActionResult] GetAllData(Utility.SearchModel) on controller Richborn.Controllers.DataController (Richborn).
2023-04-07 16:10:39,823 [24] INFO  Microsoft.AspNetCore.Hosting.Diagnostics - Request starting HTTP/2.0 POST https://localhost:44376/v1/api/Data/GetAllData application/json 85
2023-04-07 16:10:39,823 [24] INFO  Microsoft.AspNetCore.Cors.Infrastructure.CorsService - CORS policy execution successful.
2023-04-07 16:10:39,824 [24] INFO  Microsoft.AspNetCore.Authentication.JwtBearer.JwtBearerHandler - Failed to validate the token.
Microsoft.IdentityModel.Tokens.SecurityTokenExpiredException: IDX10223: Lifetime validation failed. The token is expired. ValidTo: 'System.DateTime', Current time: 'System.DateTime'.
   at Microsoft.IdentityModel.Tokens.Validators.ValidateLifetime(Nullable`1 notBefore, Nullable`1 expires, SecurityToken securityToken, TokenValidationParameters validationParameters)
   at System.IdentityModel.Tokens.Jwt.JwtSecurityTokenHandler.ValidateLifetime(Nullable`1 notBefore, Nullable`1 expires, JwtSecurityToken jwtToken, TokenValidationParameters validationParameters)
   at System.IdentityModel.Tokens.Jwt.JwtSecurityTokenHandler.ValidateTokenPayload(JwtSecurityToken jwtToken, TokenValidationParameters validationParameters)
   at System.IdentityModel.Tokens.Jwt.JwtSecurityTokenHandler.ValidateToken(String token, TokenValidationParameters validationParameters, SecurityToken& validatedToken)
   at Microsoft.AspNetCore.Authentication.JwtBearer.JwtBearerHandler.HandleAuthenticateAsync()
2023-04-07 16:10:39,824 [93] INFO  Microsoft.AspNetCore.Authentication.JwtBearer.JwtBearerHandler - Failed to validate the token.
Microsoft.IdentityModel.Tokens.SecurityTokenExpiredException: IDX10223: Lifetime validation failed. The token is expired. ValidTo: 'System.DateTime', Current time: 'System.DateTime'.
   at Microsoft.IdentityModel.Tokens.Validators.ValidateLifetime(Nullable`1 notBefore, Nullable`1 expires, SecurityToken securityToken, TokenValidationParameters validationParameters)
   at System.IdentityModel.Tokens.Jwt.JwtSecurityTokenHandler.ValidateLifetime(Nullable`1 notBefore, Nullable`1 expires, JwtSecurityToken jwtToken, TokenValidationParameters validationParameters)
   at System.IdentityModel.Tokens.Jwt.JwtSecurityTokenHandler.ValidateTokenPayload(JwtSecurityToken jwtToken, TokenValidationParameters validationParameters)
   at System.IdentityModel.Tokens.Jwt.JwtSecurityTokenHandler.ValidateToken(String token, TokenValidationParameters validationParameters, SecurityToken& validatedToken)
   at Microsoft.AspNetCore.Authentication.JwtBearer.JwtBearerHandler.HandleAuthenticateAsync()
2023-04-07 16:10:39,824 [24] INFO  Microsoft.AspNetCore.Authentication.JwtBearer.JwtBearerHandler - Bearer was not authenticated. Failure message: IDX10223: Lifetime validation failed. The token is expired. ValidTo: 'System.DateTime', Current time: 'System.DateTime'.
2023-04-07 16:10:39,824 [93] INFO  Microsoft.AspNetCore.Authentication.JwtBearer.JwtBearerHandler - Bearer was not authenticated. Failure message: IDX10223: Lifetime validation failed. The token is expired. ValidTo: 'System.DateTime', Current time: 'System.DateTime'.
2023-04-07 16:10:39,824 [93] INFO  Microsoft.AspNetCore.Mvc.Infrastructure.ControllerActionInvoker - Route matched with {action = "GetAllData", controller = "Data"}. Executing controller action with signature System.Threading.Tasks.Task`1[Microsoft.AspNetCore.Mvc.ActionResult] GetAllData(Utility.SearchModel) on controller Richborn.Controllers.DataController (Richborn).
2023-04-07 16:10:39,824 [24] INFO  Microsoft.AspNetCore.Mvc.Infrastructure.ControllerActionInvoker - Route matched with {action = "GetAllData", controller = "Data"}. Executing controller action with signature System.Threading.Tasks.Task`1[Microsoft.AspNetCore.Mvc.ActionResult] GetAllData(Utility.SearchModel) on controller Richborn.Controllers.DataController (Richborn).
2023-04-07 16:10:39,828 [93] INFO  Microsoft.AspNetCore.Hosting.Diagnostics - Request starting HTTP/2.0 POST https://localhost:44376/v1/api/Data/GetAllFilterData application/json 97
2023-04-07 16:10:39,828 [93] INFO  Microsoft.AspNetCore.Cors.Infrastructure.CorsService - CORS policy execution successful.
2023-04-07 16:10:39,828 [93] INFO  Microsoft.AspNetCore.Authentication.JwtBearer.JwtBearerHandler - Failed to validate the token.
Microsoft.IdentityModel.Tokens.SecurityTokenExpiredException: IDX10223: Lifetime validation failed. The token is expired. ValidTo: 'System.DateTime', Current time: 'System.DateTime'.
   at Microsoft.IdentityModel.Tokens.Validators.ValidateLifetime(Nullable`1 notBefore, Nullable`1 expires, SecurityToken securityToken, TokenValidationParameters validationParameters)
   at System.IdentityModel.Tokens.Jwt.JwtSecurityTokenHandler.ValidateLifetime(Nullable`1 notBefore, Nullable`1 expires, JwtSecurityToken jwtToken, TokenValidationParameters validationParameters)
   at System.IdentityModel.Tokens.Jwt.JwtSecurityTokenHandler.ValidateTokenPayload(JwtSecurityToken jwtToken, TokenValidationParameters validationParameters)
   at System.IdentityModel.Tokens.Jwt.JwtSecurityTokenHandler.ValidateToken(String token, TokenValidationParameters validationParameters, SecurityToken& validatedToken)
   at Microsoft.AspNetCore.Authentication.JwtBearer.JwtBearerHandler.HandleAuthenticateAsync()
2023-04-07 16:10:39,828 [93] INFO  Microsoft.AspNetCore.Authentication.JwtBearer.JwtBearerHandler - Bearer was not authenticated. Failure message: IDX10223: Lifetime validation failed. The token is expired. ValidTo: 'System.DateTime', Current time: 'System.DateTime'.
2023-04-07 16:10:39,829 [93] INFO  Microsoft.AspNetCore.Mvc.Infrastructure.ControllerActionInvoker - Route matched with {action = "GetAllFilterData", controller = "Data"}. Executing controller action with signature System.Threading.Tasks.Task`1[Microsoft.AspNetCore.Mvc.ActionResult] GetAllFilterData(Utility.SearchModel) on controller Richborn.Controllers.DataController (Richborn).
2023-04-07 16:10:40,064 [91] INFO  Microsoft.AspNetCore.Mvc.Infrastructure.ObjectResultExecutor - Executing ObjectResult, writing value of type 'Utility.ResponseData`1[[System.String, System.Private.CoreLib, Version=4.0.0.0, Culture=neutral, PublicKeyToken=7cec85d7bea7798e]]'.
2023-04-07 16:10:40,064 [96] INFO  Microsoft.AspNetCore.Mvc.Infrastructure.ObjectResultExecutor - Executing ObjectResult, writing value of type 'Utility.ResponseData`1[[System.String, System.Private.CoreLib, Version=4.0.0.0, Culture=neutral, PublicKeyToken=7cec85d7bea7798e]]'.
2023-04-07 16:10:40,065 [91] INFO  Microsoft.AspNetCore.Mvc.Infrastructure.ControllerActionInvoker - Executed action Richborn.Controllers.DataController.GetAllData (Richborn) in 241.6225ms
2023-04-07 16:10:40,065 [96] INFO  Microsoft.AspNetCore.Mvc.Infrastructure.ControllerActionInvoker - Executed action Richborn.Controllers.DataController.GetAllData (Richborn) in 240.6173ms
2023-04-07 16:10:40,065 [91] INFO  Microsoft.AspNetCore.Hosting.Diagnostics - Request finished in 244.4631ms 200 application/json; charset=utf-8
2023-04-07 16:10:40,065 [96] INFO  Microsoft.AspNetCore.Hosting.Diagnostics - Request finished in 242.7547ms 200 application/json; charset=utf-8
2023-04-07 16:10:40,067 [26] INFO  Microsoft.AspNetCore.Mvc.Infrastructure.ObjectResultExecutor - Executing ObjectResult, writing value of type 'Utility.ResponseData`1[[System.String, System.Private.CoreLib, Version=4.0.0.0, Culture=neutral, PublicKeyToken=7cec85d7bea7798e]]'.
2023-04-07 16:10:40,068 [26] INFO  Microsoft.AspNetCore.Mvc.Infrastructure.ControllerActionInvoker - Executed action Richborn.Controllers.DataController.GetAllData (Richborn) in 245.0902ms
2023-04-07 16:10:40,068 [26] INFO  Microsoft.AspNetCore.Hosting.Diagnostics - Request finished in 248.4641ms 200 application/json; charset=utf-8
2023-04-07 16:10:40,235 [12] INFO  Microsoft.AspNetCore.Mvc.Infrastructure.ObjectResultExecutor - Executing ObjectResult, writing value of type 'Utility.ResponseData`1[[System.String, System.Private.CoreLib, Version=4.0.0.0, Culture=neutral, PublicKeyToken=7cec85d7bea7798e]]'.
2023-04-07 16:10:40,235 [12] INFO  Microsoft.AspNetCore.Mvc.Infrastructure.ControllerActionInvoker - Executed action Richborn.Controllers.DataController.GetAllFilterData (Richborn) in 406.3548ms
2023-04-07 16:10:40,235 [12] INFO  Microsoft.AspNetCore.Hosting.Diagnostics - Request finished in 407.5714ms 200 application/json; charset=utf-8
2023-04-07 16:10:40,950 [97] INFO  Microsoft.AspNetCore.Mvc.Infrastructure.ObjectResultExecutor - Executing ObjectResult, writing value of type 'Utility.ResponseData`1[[System.String, System.Private.CoreLib, Version=4.0.0.0, Culture=neutral, PublicKeyToken=7cec85d7bea7798e]]'.
2023-04-07 16:10:40,950 [97] INFO  Microsoft.AspNetCore.Mvc.Infrastructure.ControllerActionInvoker - Executed action Richborn.Controllers.DataController.GetAllData (Richborn) in 1126.1137ms
2023-04-07 16:10:40,951 [97] INFO  Microsoft.AspNetCore.Hosting.Diagnostics - Request finished in 1127.6834ms 200 application/json; charset=utf-8
2023-04-07 16:10:44,100 [16] INFO  Microsoft.AspNetCore.Hosting.Diagnostics - Request starting HTTP/2.0 OPTIONS https://localhost:44376/v1/api/Data/GetAllData  
2023-04-07 16:10:44,100 [16] INFO  Microsoft.AspNetCore.Cors.Infrastructure.CorsService - CORS policy execution successful.
2023-04-07 16:10:44,100 [16] INFO  Microsoft.AspNetCore.Hosting.Diagnostics - Request finished in 0.7183ms 204 
2023-04-07 16:10:44,107 [16] INFO  Microsoft.AspNetCore.Hosting.Diagnostics - Request starting HTTP/2.0 POST https://localhost:44376/v1/api/Data/GetAllData application/json 80
2023-04-07 16:10:44,107 [16] INFO  Microsoft.AspNetCore.Cors.Infrastructure.CorsService - CORS policy execution successful.
2023-04-07 16:10:44,108 [16] INFO  Microsoft.AspNetCore.Authentication.JwtBearer.JwtBearerHandler - Failed to validate the token.
Microsoft.IdentityModel.Tokens.SecurityTokenExpiredException: IDX10223: Lifetime validation failed. The token is expired. ValidTo: 'System.DateTime', Current time: 'System.DateTime'.
   at Microsoft.IdentityModel.Tokens.Validators.ValidateLifetime(Nullable`1 notBefore, Nullable`1 expires, SecurityToken securityToken, TokenValidationParameters validationParameters)
   at System.IdentityModel.Tokens.Jwt.JwtSecurityTokenHandler.ValidateLifetime(Nullable`1 notBefore, Nullable`1 expires, JwtSecurityToken jwtToken, TokenValidationParameters validationParameters)
   at System.IdentityModel.Tokens.Jwt.JwtSecurityTokenHandler.ValidateTokenPayload(JwtSecurityToken jwtToken, TokenValidationParameters validationParameters)
   at System.IdentityModel.Tokens.Jwt.JwtSecurityTokenHandler.ValidateToken(String token, TokenValidationParameters validationParameters, SecurityToken& validatedToken)
   at Microsoft.AspNetCore.Authentication.JwtBearer.JwtBearerHandler.HandleAuthenticateAsync()
2023-04-07 16:10:44,108 [16] INFO  Microsoft.AspNetCore.Authentication.JwtBearer.JwtBearerHandler - Bearer was not authenticated. Failure message: IDX10223: Lifetime validation failed. The token is expired. ValidTo: 'System.DateTime', Current time: 'System.DateTime'.
2023-04-07 16:10:44,108 [16] INFO  Microsoft.AspNetCore.Mvc.Infrastructure.ControllerActionInvoker - Route matched with {action = "GetAllData", controller = "Data"}. Executing controller action with signature System.Threading.Tasks.Task`1[Microsoft.AspNetCore.Mvc.ActionResult] GetAllData(Utility.SearchModel) on controller Richborn.Controllers.DataController (Richborn).
2023-04-07 16:10:44,371 [97] INFO  Microsoft.AspNetCore.Mvc.Infrastructure.ObjectResultExecutor - Executing ObjectResult, writing value of type 'Utility.ResponseData`1[[System.String, System.Private.CoreLib, Version=4.0.0.0, Culture=neutral, PublicKeyToken=7cec85d7bea7798e]]'.
2023-04-07 16:10:44,371 [97] INFO  Microsoft.AspNetCore.Mvc.Infrastructure.ControllerActionInvoker - Executed action Richborn.Controllers.DataController.GetAllData (Richborn) in 263.1516ms
2023-04-07 16:10:44,372 [97] INFO  Microsoft.AspNetCore.Hosting.Diagnostics - Request finished in 264.5585ms 200 application/json; charset=utf-8
2023-04-07 16:10:51,041 [98] INFO  Microsoft.AspNetCore.Hosting.Diagnostics - Request starting HTTP/2.0 OPTIONS https://localhost:44376/v1/api/Data/GetAllData  
2023-04-07 16:10:51,041 [97] INFO  Microsoft.AspNetCore.Hosting.Diagnostics - Request starting HTTP/2.0 OPTIONS https://localhost:44376/v1/api/Data/GetAllData  
2023-04-07 16:10:51,041 [98] INFO  Microsoft.AspNetCore.Cors.Infrastructure.CorsService - CORS policy execution successful.
2023-04-07 16:10:51,041 [97] INFO  Microsoft.AspNetCore.Cors.Infrastructure.CorsService - CORS policy execution successful.
2023-04-07 16:10:51,041 [98] INFO  Microsoft.AspNetCore.Hosting.Diagnostics - Request finished in 0.3737ms 204 
2023-04-07 16:10:51,041 [97] INFO  Microsoft.AspNetCore.Hosting.Diagnostics - Request finished in 0.3839ms 204 
2023-04-07 16:10:51,046 [97] INFO  Microsoft.AspNetCore.Hosting.Diagnostics - Request starting HTTP/2.0 POST https://localhost:44376/v1/api/Data/GetAllData application/json 90
2023-04-07 16:10:51,047 [97] INFO  Microsoft.AspNetCore.Cors.Infrastructure.CorsService - CORS policy execution successful.
2023-04-07 16:10:51,047 [98] INFO  Microsoft.AspNetCore.Hosting.Diagnostics - Request starting HTTP/2.0 POST https://localhost:44376/v1/api/Data/GetAllData application/json 79
2023-04-07 16:10:51,047 [98] INFO  Microsoft.AspNetCore.Cors.Infrastructure.CorsService - CORS policy execution successful.
2023-04-07 16:10:51,047 [98] INFO  Microsoft.AspNetCore.Authentication.JwtBearer.JwtBearerHandler - Failed to validate the token.
Microsoft.IdentityModel.Tokens.SecurityTokenExpiredException: IDX10223: Lifetime validation failed. The token is expired. ValidTo: 'System.DateTime', Current time: 'System.DateTime'.
   at Microsoft.IdentityModel.Tokens.Validators.ValidateLifetime(Nullable`1 notBefore, Nullable`1 expires, SecurityToken securityToken, TokenValidationParameters validationParameters)
   at System.IdentityModel.Tokens.Jwt.JwtSecurityTokenHandler.ValidateLifetime(Nullable`1 notBefore, Nullable`1 expires, JwtSecurityToken jwtToken, TokenValidationParameters validationParameters)
   at System.IdentityModel.Tokens.Jwt.JwtSecurityTokenHandler.ValidateTokenPayload(JwtSecurityToken jwtToken, TokenValidationParameters validationParameters)
   at System.IdentityModel.Tokens.Jwt.JwtSecurityTokenHandler.ValidateToken(String token, TokenValidationParameters validationParameters, SecurityToken& validatedToken)
   at Microsoft.AspNetCore.Authentication.JwtBearer.JwtBearerHandler.HandleAuthenticateAsync()
2023-04-07 16:10:51,047 [97] INFO  Microsoft.AspNetCore.Authentication.JwtBearer.JwtBearerHandler - Failed to validate the token.
Microsoft.IdentityModel.Tokens.SecurityTokenExpiredException: IDX10223: Lifetime validation failed. The token is expired. ValidTo: 'System.DateTime', Current time: 'System.DateTime'.
   at Microsoft.IdentityModel.Tokens.Validators.ValidateLifetime(Nullable`1 notBefore, Nullable`1 expires, SecurityToken securityToken, TokenValidationParameters validationParameters)
   at System.IdentityModel.Tokens.Jwt.JwtSecurityTokenHandler.ValidateLifetime(Nullable`1 notBefore, Nullable`1 expires, JwtSecurityToken jwtToken, TokenValidationParameters validationParameters)
   at System.IdentityModel.Tokens.Jwt.JwtSecurityTokenHandler.ValidateTokenPayload(JwtSecurityToken jwtToken, TokenValidationParameters validationParameters)
   at System.IdentityModel.Tokens.Jwt.JwtSecurityTokenHandler.ValidateToken(String token, TokenValidationParameters validationParameters, SecurityToken& validatedToken)
   at Microsoft.AspNetCore.Authentication.JwtBearer.JwtBearerHandler.HandleAuthenticateAsync()
2023-04-07 16:10:51,047 [98] INFO  Microsoft.AspNetCore.Authentication.JwtBearer.JwtBearerHandler - Bearer was not authenticated. Failure message: IDX10223: Lifetime validation failed. The token is expired. ValidTo: 'System.DateTime', Current time: 'System.DateTime'.
2023-04-07 16:10:51,048 [97] INFO  Microsoft.AspNetCore.Authentication.JwtBearer.JwtBearerHandler - Bearer was not authenticated. Failure message: IDX10223: Lifetime validation failed. The token is expired. ValidTo: 'System.DateTime', Current time: 'System.DateTime'.
2023-04-07 16:10:51,048 [98] INFO  Microsoft.AspNetCore.Mvc.Infrastructure.ControllerActionInvoker - Route matched with {action = "GetAllData", controller = "Data"}. Executing controller action with signature System.Threading.Tasks.Task`1[Microsoft.AspNetCore.Mvc.ActionResult] GetAllData(Utility.SearchModel) on controller Richborn.Controllers.DataController (Richborn).
2023-04-07 16:10:51,048 [97] INFO  Microsoft.AspNetCore.Mvc.Infrastructure.ControllerActionInvoker - Route matched with {action = "GetAllData", controller = "Data"}. Executing controller action with signature System.Threading.Tasks.Task`1[Microsoft.AspNetCore.Mvc.ActionResult] GetAllData(Utility.SearchModel) on controller Richborn.Controllers.DataController (Richborn).
2023-04-07 16:10:51,214 [24] INFO  Microsoft.AspNetCore.Mvc.Infrastructure.ObjectResultExecutor - Executing ObjectResult, writing value of type 'Utility.ResponseData`1[[System.String, System.Private.CoreLib, Version=4.0.0.0, Culture=neutral, PublicKeyToken=7cec85d7bea7798e]]'.
2023-04-07 16:10:51,214 [24] INFO  Microsoft.AspNetCore.Mvc.Infrastructure.ControllerActionInvoker - Executed action Richborn.Controllers.DataController.GetAllData (Richborn) in 166.2341ms
2023-04-07 16:10:51,214 [24] INFO  Microsoft.AspNetCore.Hosting.Diagnostics - Request finished in 167.4615ms 200 application/json; charset=utf-8
2023-04-07 16:10:51,215 [98] INFO  Microsoft.AspNetCore.Mvc.Infrastructure.ObjectResultExecutor - Executing ObjectResult, writing value of type 'Utility.ResponseData`1[[System.String, System.Private.CoreLib, Version=4.0.0.0, Culture=neutral, PublicKeyToken=7cec85d7bea7798e]]'.
2023-04-07 16:10:51,215 [98] INFO  Microsoft.AspNetCore.Mvc.Infrastructure.ControllerActionInvoker - Executed action Richborn.Controllers.DataController.GetAllData (Richborn) in 166.9995ms
2023-04-07 16:10:51,215 [98] INFO  Microsoft.AspNetCore.Hosting.Diagnostics - Request finished in 168.6264ms 200 application/json; charset=utf-8
2023-04-07 16:10:51,721 [16] INFO  Microsoft.AspNetCore.Hosting.Diagnostics - Request starting HTTP/2.0 POST https://localhost:44376/v1/api/Data/GetAllData application/json 96
2023-04-07 16:10:51,721 [16] INFO  Microsoft.AspNetCore.Cors.Infrastructure.CorsService - CORS policy execution successful.
2023-04-07 16:10:51,721 [16] INFO  Microsoft.AspNetCore.Authentication.JwtBearer.JwtBearerHandler - Failed to validate the token.
Microsoft.IdentityModel.Tokens.SecurityTokenExpiredException: IDX10223: Lifetime validation failed. The token is expired. ValidTo: 'System.DateTime', Current time: 'System.DateTime'.
   at Microsoft.IdentityModel.Tokens.Validators.ValidateLifetime(Nullable`1 notBefore, Nullable`1 expires, SecurityToken securityToken, TokenValidationParameters validationParameters)
   at System.IdentityModel.Tokens.Jwt.JwtSecurityTokenHandler.ValidateLifetime(Nullable`1 notBefore, Nullable`1 expires, JwtSecurityToken jwtToken, TokenValidationParameters validationParameters)
   at System.IdentityModel.Tokens.Jwt.JwtSecurityTokenHandler.ValidateTokenPayload(JwtSecurityToken jwtToken, TokenValidationParameters validationParameters)
   at System.IdentityModel.Tokens.Jwt.JwtSecurityTokenHandler.ValidateToken(String token, TokenValidationParameters validationParameters, SecurityToken& validatedToken)
   at Microsoft.AspNetCore.Authentication.JwtBearer.JwtBearerHandler.HandleAuthenticateAsync()
2023-04-07 16:10:51,722 [16] INFO  Microsoft.AspNetCore.Authentication.JwtBearer.JwtBearerHandler - Bearer was not authenticated. Failure message: IDX10223: Lifetime validation failed. The token is expired. ValidTo: 'System.DateTime', Current time: 'System.DateTime'.
2023-04-07 16:10:51,722 [16] INFO  Microsoft.AspNetCore.Mvc.Infrastructure.ControllerActionInvoker - Route matched with {action = "GetAllData", controller = "Data"}. Executing controller action with signature System.Threading.Tasks.Task`1[Microsoft.AspNetCore.Mvc.ActionResult] GetAllData(Utility.SearchModel) on controller Richborn.Controllers.DataController (Richborn).
2023-04-07 16:10:51,934 [16] INFO  Microsoft.AspNetCore.Mvc.Infrastructure.ObjectResultExecutor - Executing ObjectResult, writing value of type 'Utility.ResponseData`1[[System.String, System.Private.CoreLib, Version=4.0.0.0, Culture=neutral, PublicKeyToken=7cec85d7bea7798e]]'.
2023-04-07 16:10:51,934 [16] INFO  Microsoft.AspNetCore.Mvc.Infrastructure.ControllerActionInvoker - Executed action Richborn.Controllers.DataController.GetAllData (Richborn) in 212.3172ms
2023-04-07 16:10:51,934 [16] INFO  Microsoft.AspNetCore.Hosting.Diagnostics - Request finished in 213.0991ms 200 application/json; charset=utf-8
