2023-04-07 14:05:14,237 [46] INFO  Microsoft.AspNetCore.Hosting.Diagnostics - Request starting HTTP/2.0 OPTIONS https://localhost:44376/v1/api/Data/InsertData  
2023-04-07 14:05:14,238 [46] INFO  Microsoft.AspNetCore.Cors.Infrastructure.CorsService - CORS policy execution successful.
2023-04-07 14:05:14,239 [46] INFO  Microsoft.AspNetCore.Hosting.Diagnostics - Request finished in 1.6717ms 204 
2023-04-07 14:05:14,244 [46] INFO  Microsoft.AspNetCore.Hosting.Diagnostics - Request starting HTTP/2.0 POST https://localhost:44376/v1/api/Data/InsertData application/json 981
2023-04-07 14:05:14,245 [46] INFO  Microsoft.AspNetCore.Cors.Infrastructure.CorsService - CORS policy execution successful.
2023-04-07 14:05:14,246 [46] INFO  Microsoft.AspNetCore.Authentication.JwtBearer.JwtBearerHandler - Failed to validate the token.
Microsoft.IdentityModel.Tokens.SecurityTokenExpiredException: IDX10223: Lifetime validation failed. The token is expired. ValidTo: 'System.DateTime', Current time: 'System.DateTime'.
   at Microsoft.IdentityModel.Tokens.Validators.ValidateLifetime(Nullable`1 notBefore, Nullable`1 expires, SecurityToken securityToken, TokenValidationParameters validationParameters)
   at System.IdentityModel.Tokens.Jwt.JwtSecurityTokenHandler.ValidateLifetime(Nullable`1 notBefore, Nullable`1 expires, JwtSecurityToken jwtToken, TokenValidationParameters validationParameters)
   at System.IdentityModel.Tokens.Jwt.JwtSecurityTokenHandler.ValidateTokenPayload(JwtSecurityToken jwtToken, TokenValidationParameters validationParameters)
   at System.IdentityModel.Tokens.Jwt.JwtSecurityTokenHandler.ValidateToken(String token, TokenValidationParameters validationParameters, SecurityToken& validatedToken)
   at Microsoft.AspNetCore.Authentication.JwtBearer.JwtBearerHandler.HandleAuthenticateAsync()
2023-04-07 14:05:14,246 [46] INFO  Microsoft.AspNetCore.Authentication.JwtBearer.JwtBearerHandler - Bearer was not authenticated. Failure message: IDX10223: Lifetime validation failed. The token is expired. ValidTo: 'System.DateTime', Current time: 'System.DateTime'.
2023-04-07 14:05:14,254 [46] INFO  Microsoft.AspNetCore.Mvc.Infrastructure.ControllerActionInvoker - Route matched with {action = "InsertData", controller = "Data"}. Executing controller action with signature System.Threading.Tasks.Task`1[Microsoft.AspNetCore.Mvc.ActionResult] InsertData(Utility.SearchModel) on controller Richborn.Controllers.DataController (Richborn).
2023-04-07 14:05:14,498 [46] INFO  Microsoft.AspNetCore.Mvc.Infrastructure.ObjectResultExecutor - Executing ObjectResult, writing value of type 'Utility.APIResponse'.
2023-04-07 14:05:14,500 [46] INFO  Microsoft.AspNetCore.Mvc.Infrastructure.ControllerActionInvoker - Executed action Richborn.Controllers.DataController.InsertData (Richborn) in 246.2825ms
2023-04-07 14:05:14,501 [46] INFO  Microsoft.AspNetCore.Hosting.Diagnostics - Request finished in 256.3487ms 200 application/json; charset=utf-8
2023-04-07 14:05:15,083 [46] INFO  Microsoft.AspNetCore.Hosting.Diagnostics - Request starting HTTP/2.0 OPTIONS https://localhost:44376/v1/api/Data/GetAllData  
2023-04-07 14:05:15,083 [46] INFO  Microsoft.AspNetCore.Cors.Infrastructure.CorsService - CORS policy execution successful.
2023-04-07 14:05:15,083 [46] INFO  Microsoft.AspNetCore.Hosting.Diagnostics - Request finished in 0.6189ms 204 
2023-04-07 14:05:15,093 [81] INFO  Microsoft.AspNetCore.Hosting.Diagnostics - Request starting HTTP/2.0 POST https://localhost:44376/v1/api/Data/GetAllData application/json 79
2023-04-07 14:05:15,093 [81] INFO  Microsoft.AspNetCore.Cors.Infrastructure.CorsService - CORS policy execution successful.
2023-04-07 14:05:15,094 [81] INFO  Microsoft.AspNetCore.Authentication.JwtBearer.JwtBearerHandler - Failed to validate the token.
Microsoft.IdentityModel.Tokens.SecurityTokenExpiredException: IDX10223: Lifetime validation failed. The token is expired. ValidTo: 'System.DateTime', Current time: 'System.DateTime'.
   at Microsoft.IdentityModel.Tokens.Validators.ValidateLifetime(Nullable`1 notBefore, Nullable`1 expires, SecurityToken securityToken, TokenValidationParameters validationParameters)
   at System.IdentityModel.Tokens.Jwt.JwtSecurityTokenHandler.ValidateLifetime(Nullable`1 notBefore, Nullable`1 expires, JwtSecurityToken jwtToken, TokenValidationParameters validationParameters)
   at System.IdentityModel.Tokens.Jwt.JwtSecurityTokenHandler.ValidateTokenPayload(JwtSecurityToken jwtToken, TokenValidationParameters validationParameters)
   at System.IdentityModel.Tokens.Jwt.JwtSecurityTokenHandler.ValidateToken(String token, TokenValidationParameters validationParameters, SecurityToken& validatedToken)
   at Microsoft.AspNetCore.Authentication.JwtBearer.JwtBearerHandler.HandleAuthenticateAsync()
2023-04-07 14:05:15,094 [81] INFO  Microsoft.AspNetCore.Authentication.JwtBearer.JwtBearerHandler - Bearer was not authenticated. Failure message: IDX10223: Lifetime validation failed. The token is expired. ValidTo: 'System.DateTime', Current time: 'System.DateTime'.
2023-04-07 14:05:15,095 [81] INFO  Microsoft.AspNetCore.Mvc.Infrastructure.ControllerActionInvoker - Route matched with {action = "GetAllData", controller = "Data"}. Executing controller action with signature System.Threading.Tasks.Task`1[Microsoft.AspNetCore.Mvc.ActionResult] GetAllData(Utility.SearchModel) on controller Richborn.Controllers.DataController (Richborn).
2023-04-07 14:05:15,256 [81] INFO  Microsoft.AspNetCore.Mvc.Infrastructure.ObjectResultExecutor - Executing ObjectResult, writing value of type 'Utility.ResponseData`1[[System.String, System.Private.CoreLib, Version=4.0.0.0, Culture=neutral, PublicKeyToken=7cec85d7bea7798e]]'.
2023-04-07 14:05:15,256 [81] INFO  Microsoft.AspNetCore.Mvc.Infrastructure.ControllerActionInvoker - Executed action Richborn.Controllers.DataController.GetAllData (Richborn) in 161.5404ms
2023-04-07 14:05:15,256 [81] INFO  Microsoft.AspNetCore.Hosting.Diagnostics - Request finished in 163.4406ms 200 application/json; charset=utf-8
